Reading OpenROAD database at '/Users/refikyalcin/vlsi/digital/io-ring-demo/config/runs/run_1/76-openroad-ioplacement/top.odb'…
Reading library file at '/Users/refikyalcin/.ciel/ciel/sky130/versions/0fe599b2afb6708d281543108caf8310912f54af/sky130A/libs.ref/sky130_fd_sc_hd/lib/sky130_fd_sc_hd__tt_025C_1v80.lib'…
Reading design constraints file at '/nix/store/7x1qis8my0i44w1lx1yq2wiwh6yc774i-python3-3.11.9-env/lib/python3.11/site-packages/librelane/scripts/base.sdc'…
[WARNING STA-0366] port 'clk' not found.
[INFO] Using clock clk…
[INFO] Setting output delay to: 2.0
[INFO] Setting input delay to: 2.0
[WARNING STA-0366] port 'clk' not found.
[INFO] Setting load to: 0.033442
[INFO] Setting clock uncertainty to: 0.25
[INFO] Setting clock transition to: 0.1499999999999999944488848768742172978818416595458984375
[WARNING STA-0419] transition time can not be specified for virtual clocks.
[INFO] Setting timing derate to: 5%
[WARNING STA-0450] virtual clock clk can not be propagated.
[INFO] Setting RC values…
[INFO] Setting signal min routing layer to: met1 and clock min routing layer to met1. 
[INFO] Setting signal max routing layer to: met4 and clock max routing layer to met4. 
+ global_placement -density 0.3 -timing_driven -routability_driven -pad_right 0 -pad_left 0 -init_wirelength_coef 0.25
[INFO GPL-0002] DBU: 1000
[INFO GPL-0003] SiteSize: (  0.460  2.720 ) um
[INFO GPL-0004] CoreBBox: (  5.520 10.880 ) ( 994.060 987.360 ) um
[INFO GPL-0006] NumInstances:             14488
[INFO GPL-0007] NumPlaceInstances:           52
[INFO GPL-0008] NumFixedInstances:        14436
[INFO GPL-0009] NumDummyInstances:            0
[INFO GPL-0010] NumNets:                     54
[INFO GPL-0011] NumPins:                    106
[INFO GPL-0012] DieBBox:  (  0.000  0.000 ) ( 1000.000 1000.000 ) um
[INFO GPL-0013] CoreBBox: (  5.520 10.880 ) ( 994.060 987.360 ) um
[INFO GPL-0016] CoreArea:            965289.539 um^2
[INFO GPL-0017] NonPlaceInstsArea:    19859.046 um^2
[INFO GPL-0018] PlaceInstsArea:         195.187 um^2
[INFO GPL-0019] Util:                     0.021 %
[INFO GPL-0020] StdInstsArea:           195.187 um^2
[INFO GPL-0021] MacroInstsArea:           0.000 um^2
[InitialPlace]  Iter: 1 CG residual: 0.00000006 HPWL: 23095607
[InitialPlace]  Iter: 2 CG residual: 0.00000000 HPWL: 18137771
[InitialPlace]  Iter: 3 CG residual: 0.00000000 HPWL: 18137756
[InitialPlace]  Iter: 4 CG residual: 0.00000000 HPWL: 18137756
[InitialPlace]  Iter: 5 CG residual: 0.00000000 HPWL: 18137756
[INFO GPL-0031] FillerInit:NumGCells:     75561
[INFO GPL-0032] FillerInit:NumGNets:         54
[INFO GPL-0033] FillerInit:NumGPins:        106
[INFO GPL-0023] TargetDensity:            0.300
[INFO GPL-0024] AvrgPlaceInstArea:        3.754 um^2
[INFO GPL-0025] IdealBinArea:            12.512 um^2
[INFO GPL-0026] IdealBinCnt:              77149
[INFO GPL-0027] TotalBinArea:        965289.539 um^2
[INFO GPL-0028] BinCnt:       256    256
[INFO GPL-0029] BinSize: (  3.862  3.815 )
[INFO GPL-0030] NumBins: 65536
[NesterovSolve] Iter:    1 overflow: 0.000 HPWL: 199228
[INFO GPL-0100] Timing-driven: executing resizer for reweighting nets.
[WARNING GPL-0114] Timing-driven: no net slacks found. Timing-driven mode disabled.
[NesterovSolve] Snapshot saved at iter = 0
[INFO GPL-0075] Routability numCall: 1 inflationIterCnt: 1 bloatIterCnt: 0
[WARNING GRT-0039] Found pin PAD_A_NOESD_H outside die area in instance gen_east_pads\[0\].pad_gpio_in.
[WARNING GRT-0039] Found pin ANALOG_POL outside die area in instance gen_east_pads\[0\].pad_gpio_in.
[WARNING GRT-0039] Found pin ENABLE_VDDIO outside die area in instance gen_east_pads\[0\].pad_gpio_in.
[WARNING GRT-0039] Found pin IN_H outside die area in instance gen_east_pads\[0\].pad_gpio_in.
[WARNING GRT-0039] Found pin IN outside die area in instance gen_east_pads\[0\].pad_gpio_in.
[WARNING GRT-0039] Found pin DM[0] outside die area in instance gen_east_pads\[0\].pad_gpio_in.
[WARNING GRT-0039] Found pin DM[1] outside die area in instance gen_east_pads\[0\].pad_gpio_in.
[WARNING GRT-0039] Found pin DM[2] outside die area in instance gen_east_pads\[0\].pad_gpio_in.
[WARNING GRT-0039] Found pin HLD_H_N outside die area in instance gen_east_pads\[0\].pad_gpio_in.
[WARNING GRT-0039] Found pin HLD_OVR outside die area in instance gen_east_pads\[0\].pad_gpio_in.
[WARNING GRT-0039] Found pin INP_DIS outside die area in instance gen_east_pads\[0\].pad_gpio_in.
[WARNING GRT-0039] Found pin ENABLE_VDDA_H outside die area in instance gen_east_pads\[0\].pad_gpio_in.
[WARNING GRT-0039] Found pin VTRIP_SEL outside die area in instance gen_east_pads\[0\].pad_gpio_in.
[WARNING GRT-0039] Found pin OE_N outside die area in instance gen_east_pads\[0\].pad_gpio_in.
[WARNING GRT-0039] Found pin OUT outside die area in instance gen_east_pads\[0\].pad_gpio_in.
[WARNING GRT-0039] Found pin SLOW outside die area in instance gen_east_pads\[0\].pad_gpio_in.
[WARNING GRT-0039] Found pin TIE_LO_ESD outside die area in instance gen_east_pads\[0\].pad_gpio_in.
[WARNING GRT-0039] Found pin PAD_A_ESD_0_H outside die area in instance gen_east_pads\[0\].pad_gpio_in.
[WARNING GRT-0039] Found pin ANALOG_SEL outside die area in instance gen_east_pads\[0\].pad_gpio_in.
[WARNING GRT-0039] Found pin ENABLE_INP_H outside die area in instance gen_east_pads\[0\].pad_gpio_in.
[WARNING GRT-0039] Found pin PAD_A_ESD_1_H outside die area in instance gen_east_pads\[0\].pad_gpio_in.
[WARNING GRT-0039] Found pin TIE_HI_ESD outside die area in instance gen_east_pads\[0\].pad_gpio_in.
[WARNING GRT-0039] Found pin ENABLE_H outside die area in instance gen_east_pads\[0\].pad_gpio_in.
[WARNING GRT-0039] Found pin IB_MODE_SEL outside die area in instance gen_east_pads\[0\].pad_gpio_in.
[WARNING GRT-0039] Found pin ENABLE_VSWITCH_H outside die area in instance gen_east_pads\[0\].pad_gpio_in.
[WARNING GRT-0039] Found pin ANALOG_EN outside die area in instance gen_east_pads\[0\].pad_gpio_in.
[WARNING GRT-0039] Found pin PAD_A_NOESD_H outside die area in instance gen_east_pads\[1\].pad_gpio_in.
[WARNING GRT-0039] Found pin ANALOG_POL outside die area in instance gen_east_pads\[1\].pad_gpio_in.
[WARNING GRT-0039] Found pin ENABLE_VDDIO outside die area in instance gen_east_pads\[1\].pad_gpio_in.
[WARNING GRT-0039] Found pin IN_H outside die area in instance gen_east_pads\[1\].pad_gpio_in.
[WARNING GRT-0039] Found pin IN outside die area in instance gen_east_pads\[1\].pad_gpio_in.
[WARNING GRT-0039] Found pin DM[0] outside die area in instance gen_east_pads\[1\].pad_gpio_in.
[WARNING GRT-0039] Found pin DM[1] outside die area in instance gen_east_pads\[1\].pad_gpio_in.
[WARNING GRT-0039] Found pin DM[2] outside die area in instance gen_east_pads\[1\].pad_gpio_in.
[WARNING GRT-0039] Found pin HLD_H_N outside die area in instance gen_east_pads\[1\].pad_gpio_in.
[WARNING GRT-0039] Found pin HLD_OVR outside die area in instance gen_east_pads\[1\].pad_gpio_in.
[WARNING GRT-0039] Found pin INP_DIS outside die area in instance gen_east_pads\[1\].pad_gpio_in.
[WARNING GRT-0039] Found pin ENABLE_VDDA_H outside die area in instance gen_east_pads\[1\].pad_gpio_in.
[WARNING GRT-0039] Found pin VTRIP_SEL outside die area in instance gen_east_pads\[1\].pad_gpio_in.
[WARNING GRT-0039] Found pin OE_N outside die area in instance gen_east_pads\[1\].pad_gpio_in.
[WARNING GRT-0039] Found pin OUT outside die area in instance gen_east_pads\[1\].pad_gpio_in.
[WARNING GRT-0039] Found pin SLOW outside die area in instance gen_east_pads\[1\].pad_gpio_in.
[WARNING GRT-0039] Found pin TIE_LO_ESD outside die area in instance gen_east_pads\[1\].pad_gpio_in.
[WARNING GRT-0039] Found pin PAD_A_ESD_0_H outside die area in instance gen_east_pads\[1\].pad_gpio_in.
[WARNING GRT-0039] Found pin ANALOG_SEL outside die area in instance gen_east_pads\[1\].pad_gpio_in.
[WARNING GRT-0039] Found pin ENABLE_INP_H outside die area in instance gen_east_pads\[1\].pad_gpio_in.
[WARNING GRT-0039] Found pin PAD_A_ESD_1_H outside die area in instance gen_east_pads\[1\].pad_gpio_in.
[WARNING GRT-0039] Found pin TIE_HI_ESD outside die area in instance gen_east_pads\[1\].pad_gpio_in.
[WARNING GRT-0039] Found pin ENABLE_H outside die area in instance gen_east_pads\[1\].pad_gpio_in.
[WARNING GRT-0039] Found pin IB_MODE_SEL outside die area in instance gen_east_pads\[1\].pad_gpio_in.
[WARNING GRT-0039] Found pin ENABLE_VSWITCH_H outside die area in instance gen_east_pads\[1\].pad_gpio_in.
[WARNING GRT-0039] Found pin ANALOG_EN outside die area in instance gen_east_pads\[1\].pad_gpio_in.
[WARNING GRT-0039] Found pin PAD_A_NOESD_H outside die area in instance gen_east_pads\[2\].pad_gpio_in.
[WARNING GRT-0039] Found pin ANALOG_POL outside die area in instance gen_east_pads\[2\].pad_gpio_in.
[WARNING GRT-0039] Found pin ENABLE_VDDIO outside die area in instance gen_east_pads\[2\].pad_gpio_in.
[WARNING GRT-0039] Found pin IN_H outside die area in instance gen_east_pads\[2\].pad_gpio_in.
[WARNING GRT-0039] Found pin IN outside die area in instance gen_east_pads\[2\].pad_gpio_in.
[WARNING GRT-0039] Found pin DM[0] outside die area in instance gen_east_pads\[2\].pad_gpio_in.
[WARNING GRT-0039] Found pin DM[1] outside die area in instance gen_east_pads\[2\].pad_gpio_in.
[WARNING GRT-0039] Found pin DM[2] outside die area in instance gen_east_pads\[2\].pad_gpio_in.
[WARNING GRT-0039] Found pin HLD_H_N outside die area in instance gen_east_pads\[2\].pad_gpio_in.
[WARNING GRT-0039] Found pin HLD_OVR outside die area in instance gen_east_pads\[2\].pad_gpio_in.
[WARNING GRT-0039] Found pin INP_DIS outside die area in instance gen_east_pads\[2\].pad_gpio_in.
[WARNING GRT-0039] Found pin ENABLE_VDDA_H outside die area in instance gen_east_pads\[2\].pad_gpio_in.
[WARNING GRT-0039] Found pin VTRIP_SEL outside die area in instance gen_east_pads\[2\].pad_gpio_in.
[WARNING GRT-0039] Found pin OE_N outside die area in instance gen_east_pads\[2\].pad_gpio_in.
[WARNING GRT-0039] Found pin OUT outside die area in instance gen_east_pads\[2\].pad_gpio_in.
[WARNING GRT-0039] Found pin SLOW outside die area in instance gen_east_pads\[2\].pad_gpio_in.
[WARNING GRT-0039] Found pin TIE_LO_ESD outside die area in instance gen_east_pads\[2\].pad_gpio_in.
[WARNING GRT-0039] Found pin PAD_A_ESD_0_H outside die area in instance gen_east_pads\[2\].pad_gpio_in.
[WARNING GRT-0039] Found pin ANALOG_SEL outside die area in instance gen_east_pads\[2\].pad_gpio_in.
[WARNING GRT-0039] Found pin ENABLE_INP_H outside die area in instance gen_east_pads\[2\].pad_gpio_in.
[WARNING GRT-0039] Found pin PAD_A_ESD_1_H outside die area in instance gen_east_pads\[2\].pad_gpio_in.
[WARNING GRT-0039] Found pin TIE_HI_ESD outside die area in instance gen_east_pads\[2\].pad_gpio_in.
[WARNING GRT-0039] Found pin ENABLE_H outside die area in instance gen_east_pads\[2\].pad_gpio_in.
[WARNING GRT-0039] Found pin IB_MODE_SEL outside die area in instance gen_east_pads\[2\].pad_gpio_in.
[WARNING GRT-0039] Found pin ENABLE_VSWITCH_H outside die area in instance gen_east_pads\[2\].pad_gpio_in.
[WARNING GRT-0039] Found pin ANALOG_EN outside die area in instance gen_east_pads\[2\].pad_gpio_in.
[WARNING GRT-0039] Found pin PAD_A_NOESD_H outside die area in instance gen_east_pads\[3\].pad_gpio_in.
[WARNING GRT-0039] Found pin ANALOG_POL outside die area in instance gen_east_pads\[3\].pad_gpio_in.
[WARNING GRT-0039] Found pin ENABLE_VDDIO outside die area in instance gen_east_pads\[3\].pad_gpio_in.
[WARNING GRT-0039] Found pin IN_H outside die area in instance gen_east_pads\[3\].pad_gpio_in.
[WARNING GRT-0039] Found pin IN outside die area in instance gen_east_pads\[3\].pad_gpio_in.
[WARNING GRT-0039] Found pin DM[0] outside die area in instance gen_east_pads\[3\].pad_gpio_in.
[WARNING GRT-0039] Found pin DM[1] outside die area in instance gen_east_pads\[3\].pad_gpio_in.
[WARNING GRT-0039] Found pin DM[2] outside die area in instance gen_east_pads\[3\].pad_gpio_in.
[WARNING GRT-0039] Found pin HLD_H_N outside die area in instance gen_east_pads\[3\].pad_gpio_in.
[WARNING GRT-0039] Found pin HLD_OVR outside die area in instance gen_east_pads\[3\].pad_gpio_in.
[WARNING GRT-0039] Found pin INP_DIS outside die area in instance gen_east_pads\[3\].pad_gpio_in.
[WARNING GRT-0039] Found pin ENABLE_VDDA_H outside die area in instance gen_east_pads\[3\].pad_gpio_in.
[WARNING GRT-0039] Found pin VTRIP_SEL outside die area in instance gen_east_pads\[3\].pad_gpio_in.
[WARNING GRT-0039] Found pin OE_N outside die area in instance gen_east_pads\[3\].pad_gpio_in.
[WARNING GRT-0039] Found pin OUT outside die area in instance gen_east_pads\[3\].pad_gpio_in.
[WARNING GRT-0039] Found pin SLOW outside die area in instance gen_east_pads\[3\].pad_gpio_in.
[WARNING GRT-0039] Found pin TIE_LO_ESD outside die area in instance gen_east_pads\[3\].pad_gpio_in.
[WARNING GRT-0039] Found pin PAD_A_ESD_0_H outside die area in instance gen_east_pads\[3\].pad_gpio_in.
[WARNING GRT-0039] Found pin ANALOG_SEL outside die area in instance gen_east_pads\[3\].pad_gpio_in.
[WARNING GRT-0039] Found pin ENABLE_INP_H outside die area in instance gen_east_pads\[3\].pad_gpio_in.
[WARNING GRT-0039] Found pin PAD_A_ESD_1_H outside die area in instance gen_east_pads\[3\].pad_gpio_in.
[WARNING GRT-0039] Found pin TIE_HI_ESD outside die area in instance gen_east_pads\[3\].pad_gpio_in.
[WARNING GRT-0039] Found pin ENABLE_H outside die area in instance gen_east_pads\[3\].pad_gpio_in.
[WARNING GRT-0039] Found pin IB_MODE_SEL outside die area in instance gen_east_pads\[3\].pad_gpio_in.
[WARNING GRT-0039] Found pin ENABLE_VSWITCH_H outside die area in instance gen_east_pads\[3\].pad_gpio_in.
[WARNING GRT-0039] Found pin ANALOG_EN outside die area in instance gen_east_pads\[3\].pad_gpio_in.
[WARNING GRT-0039] Found pin PAD_A_NOESD_H outside die area in instance gen_east_pads\[4\].pad_gpio_in.
[WARNING GRT-0039] Found pin ANALOG_POL outside die area in instance gen_east_pads\[4\].pad_gpio_in.
[WARNING GRT-0039] Found pin ENABLE_VDDIO outside die area in instance gen_east_pads\[4\].pad_gpio_in.
[WARNING GRT-0039] Found pin IN_H outside die area in instance gen_east_pads\[4\].pad_gpio_in.
[WARNING GRT-0039] Found pin IN outside die area in instance gen_east_pads\[4\].pad_gpio_in.
[WARNING GRT-0039] Found pin DM[0] outside die area in instance gen_east_pads\[4\].pad_gpio_in.
[WARNING GRT-0039] Found pin DM[1] outside die area in instance gen_east_pads\[4\].pad_gpio_in.
[WARNING GRT-0039] Found pin DM[2] outside die area in instance gen_east_pads\[4\].pad_gpio_in.
[WARNING GRT-0039] Found pin HLD_H_N outside die area in instance gen_east_pads\[4\].pad_gpio_in.
[WARNING GRT-0039] Found pin HLD_OVR outside die area in instance gen_east_pads\[4\].pad_gpio_in.
[WARNING GRT-0039] Found pin INP_DIS outside die area in instance gen_east_pads\[4\].pad_gpio_in.
[WARNING GRT-0039] Found pin ENABLE_VDDA_H outside die area in instance gen_east_pads\[4\].pad_gpio_in.
[WARNING GRT-0039] Found pin VTRIP_SEL outside die area in instance gen_east_pads\[4\].pad_gpio_in.
[WARNING GRT-0039] Found pin OE_N outside die area in instance gen_east_pads\[4\].pad_gpio_in.
[WARNING GRT-0039] Found pin OUT outside die area in instance gen_east_pads\[4\].pad_gpio_in.
[WARNING GRT-0039] Found pin SLOW outside die area in instance gen_east_pads\[4\].pad_gpio_in.
[WARNING GRT-0039] Found pin TIE_LO_ESD outside die area in instance gen_east_pads\[4\].pad_gpio_in.
[WARNING GRT-0039] Found pin PAD_A_ESD_0_H outside die area in instance gen_east_pads\[4\].pad_gpio_in.
[WARNING GRT-0039] Found pin ANALOG_SEL outside die area in instance gen_east_pads\[4\].pad_gpio_in.
[WARNING GRT-0039] Found pin ENABLE_INP_H outside die area in instance gen_east_pads\[4\].pad_gpio_in.
[WARNING GRT-0039] Found pin PAD_A_ESD_1_H outside die area in instance gen_east_pads\[4\].pad_gpio_in.
[WARNING GRT-0039] Found pin TIE_HI_ESD outside die area in instance gen_east_pads\[4\].pad_gpio_in.
[WARNING GRT-0039] Found pin ENABLE_H outside die area in instance gen_east_pads\[4\].pad_gpio_in.
[WARNING GRT-0039] Found pin IB_MODE_SEL outside die area in instance gen_east_pads\[4\].pad_gpio_in.
[WARNING GRT-0039] Found pin ENABLE_VSWITCH_H outside die area in instance gen_east_pads\[4\].pad_gpio_in.
[WARNING GRT-0039] Found pin ANALOG_EN outside die area in instance gen_east_pads\[4\].pad_gpio_in.
[WARNING GRT-0039] Found pin PAD_A_NOESD_H outside die area in instance gen_east_pads\[5\].pad_gpio_in.
[WARNING GRT-0039] Found pin ANALOG_POL outside die area in instance gen_east_pads\[5\].pad_gpio_in.
[WARNING GRT-0039] Found pin ENABLE_VDDIO outside die area in instance gen_east_pads\[5\].pad_gpio_in.
[WARNING GRT-0039] Found pin IN_H outside die area in instance gen_east_pads\[5\].pad_gpio_in.
[WARNING GRT-0039] Found pin IN outside die area in instance gen_east_pads\[5\].pad_gpio_in.
[WARNING GRT-0039] Found pin DM[0] outside die area in instance gen_east_pads\[5\].pad_gpio_in.
[WARNING GRT-0039] Found pin DM[1] outside die area in instance gen_east_pads\[5\].pad_gpio_in.
[WARNING GRT-0039] Found pin DM[2] outside die area in instance gen_east_pads\[5\].pad_gpio_in.
[WARNING GRT-0039] Found pin HLD_H_N outside die area in instance gen_east_pads\[5\].pad_gpio_in.
[WARNING GRT-0039] Found pin HLD_OVR outside die area in instance gen_east_pads\[5\].pad_gpio_in.
[WARNING GRT-0039] Found pin INP_DIS outside die area in instance gen_east_pads\[5\].pad_gpio_in.
[WARNING GRT-0039] Found pin ENABLE_VDDA_H outside die area in instance gen_east_pads\[5\].pad_gpio_in.
[WARNING GRT-0039] Found pin VTRIP_SEL outside die area in instance gen_east_pads\[5\].pad_gpio_in.
[WARNING GRT-0039] Found pin OE_N outside die area in instance gen_east_pads\[5\].pad_gpio_in.
[WARNING GRT-0039] Found pin OUT outside die area in instance gen_east_pads\[5\].pad_gpio_in.
[WARNING GRT-0039] Found pin SLOW outside die area in instance gen_east_pads\[5\].pad_gpio_in.
[WARNING GRT-0039] Found pin TIE_LO_ESD outside die area in instance gen_east_pads\[5\].pad_gpio_in.
[WARNING GRT-0039] Found pin PAD_A_ESD_0_H outside die area in instance gen_east_pads\[5\].pad_gpio_in.
[WARNING GRT-0039] Found pin ANALOG_SEL outside die area in instance gen_east_pads\[5\].pad_gpio_in.
[WARNING GRT-0039] Found pin ENABLE_INP_H outside die area in instance gen_east_pads\[5\].pad_gpio_in.
[WARNING GRT-0039] Found pin PAD_A_ESD_1_H outside die area in instance gen_east_pads\[5\].pad_gpio_in.
[WARNING GRT-0039] Found pin TIE_HI_ESD outside die area in instance gen_east_pads\[5\].pad_gpio_in.
[WARNING GRT-0039] Found pin ENABLE_H outside die area in instance gen_east_pads\[5\].pad_gpio_in.
[WARNING GRT-0039] Found pin IB_MODE_SEL outside die area in instance gen_east_pads\[5\].pad_gpio_in.
[WARNING GRT-0039] Found pin ENABLE_VSWITCH_H outside die area in instance gen_east_pads\[5\].pad_gpio_in.
[WARNING GRT-0039] Found pin ANALOG_EN outside die area in instance gen_east_pads\[5\].pad_gpio_in.
[WARNING GRT-0039] Found pin PAD_A_NOESD_H outside die area in instance gen_east_pads\[6\].pad_gpio_in.
[WARNING GRT-0039] Found pin ANALOG_POL outside die area in instance gen_east_pads\[6\].pad_gpio_in.
[WARNING GRT-0039] Found pin ENABLE_VDDIO outside die area in instance gen_east_pads\[6\].pad_gpio_in.
[WARNING GRT-0039] Found pin IN_H outside die area in instance gen_east_pads\[6\].pad_gpio_in.
[WARNING GRT-0039] Found pin IN outside die area in instance gen_east_pads\[6\].pad_gpio_in.
[WARNING GRT-0039] Found pin DM[0] outside die area in instance gen_east_pads\[6\].pad_gpio_in.
[WARNING GRT-0039] Found pin DM[1] outside die area in instance gen_east_pads\[6\].pad_gpio_in.
[WARNING GRT-0039] Found pin DM[2] outside die area in instance gen_east_pads\[6\].pad_gpio_in.
[WARNING GRT-0039] Found pin HLD_H_N outside die area in instance gen_east_pads\[6\].pad_gpio_in.
[WARNING GRT-0039] Found pin HLD_OVR outside die area in instance gen_east_pads\[6\].pad_gpio_in.
[WARNING GRT-0039] Found pin INP_DIS outside die area in instance gen_east_pads\[6\].pad_gpio_in.
[WARNING GRT-0039] Found pin ENABLE_VDDA_H outside die area in instance gen_east_pads\[6\].pad_gpio_in.
[WARNING GRT-0039] Found pin VTRIP_SEL outside die area in instance gen_east_pads\[6\].pad_gpio_in.
[WARNING GRT-0039] Found pin OE_N outside die area in instance gen_east_pads\[6\].pad_gpio_in.
[WARNING GRT-0039] Found pin OUT outside die area in instance gen_east_pads\[6\].pad_gpio_in.
[WARNING GRT-0039] Found pin SLOW outside die area in instance gen_east_pads\[6\].pad_gpio_in.
[WARNING GRT-0039] Found pin TIE_LO_ESD outside die area in instance gen_east_pads\[6\].pad_gpio_in.
[WARNING GRT-0039] Found pin PAD_A_ESD_0_H outside die area in instance gen_east_pads\[6\].pad_gpio_in.
[WARNING GRT-0039] Found pin ANALOG_SEL outside die area in instance gen_east_pads\[6\].pad_gpio_in.
[WARNING GRT-0039] Found pin ENABLE_INP_H outside die area in instance gen_east_pads\[6\].pad_gpio_in.
[WARNING GRT-0039] Found pin PAD_A_ESD_1_H outside die area in instance gen_east_pads\[6\].pad_gpio_in.
[WARNING GRT-0039] Found pin TIE_HI_ESD outside die area in instance gen_east_pads\[6\].pad_gpio_in.
[WARNING GRT-0039] Found pin ENABLE_H outside die area in instance gen_east_pads\[6\].pad_gpio_in.
[WARNING GRT-0039] Found pin IB_MODE_SEL outside die area in instance gen_east_pads\[6\].pad_gpio_in.
[WARNING GRT-0039] Found pin ENABLE_VSWITCH_H outside die area in instance gen_east_pads\[6\].pad_gpio_in.
[WARNING GRT-0039] Found pin ANALOG_EN outside die area in instance gen_east_pads\[6\].pad_gpio_in.
[WARNING GRT-0039] Found pin PAD_A_NOESD_H outside die area in instance gen_east_pads\[7\].pad_gpio_in.
[WARNING GRT-0039] Found pin ANALOG_POL outside die area in instance gen_east_pads\[7\].pad_gpio_in.
[WARNING GRT-0039] Found pin ENABLE_VDDIO outside die area in instance gen_east_pads\[7\].pad_gpio_in.
[WARNING GRT-0039] Found pin IN_H outside die area in instance gen_east_pads\[7\].pad_gpio_in.
[WARNING GRT-0039] Found pin IN outside die area in instance gen_east_pads\[7\].pad_gpio_in.
[WARNING GRT-0039] Found pin DM[0] outside die area in instance gen_east_pads\[7\].pad_gpio_in.
[WARNING GRT-0039] Found pin DM[1] outside die area in instance gen_east_pads\[7\].pad_gpio_in.
[WARNING GRT-0039] Found pin DM[2] outside die area in instance gen_east_pads\[7\].pad_gpio_in.
[WARNING GRT-0039] Found pin HLD_H_N outside die area in instance gen_east_pads\[7\].pad_gpio_in.
[WARNING GRT-0039] Found pin HLD_OVR outside die area in instance gen_east_pads\[7\].pad_gpio_in.
[WARNING GRT-0039] Found pin INP_DIS outside die area in instance gen_east_pads\[7\].pad_gpio_in.
[WARNING GRT-0039] Found pin ENABLE_VDDA_H outside die area in instance gen_east_pads\[7\].pad_gpio_in.
[WARNING GRT-0039] Found pin VTRIP_SEL outside die area in instance gen_east_pads\[7\].pad_gpio_in.
[WARNING GRT-0039] Found pin OE_N outside die area in instance gen_east_pads\[7\].pad_gpio_in.
[WARNING GRT-0039] Found pin OUT outside die area in instance gen_east_pads\[7\].pad_gpio_in.
[WARNING GRT-0039] Found pin SLOW outside die area in instance gen_east_pads\[7\].pad_gpio_in.
[WARNING GRT-0039] Found pin TIE_LO_ESD outside die area in instance gen_east_pads\[7\].pad_gpio_in.
[WARNING GRT-0039] Found pin PAD_A_ESD_0_H outside die area in instance gen_east_pads\[7\].pad_gpio_in.
[WARNING GRT-0039] Found pin ANALOG_SEL outside die area in instance gen_east_pads\[7\].pad_gpio_in.
[WARNING GRT-0039] Found pin ENABLE_INP_H outside die area in instance gen_east_pads\[7\].pad_gpio_in.
[WARNING GRT-0039] Found pin PAD_A_ESD_1_H outside die area in instance gen_east_pads\[7\].pad_gpio_in.
[WARNING GRT-0039] Found pin TIE_HI_ESD outside die area in instance gen_east_pads\[7\].pad_gpio_in.
[WARNING GRT-0039] Found pin ENABLE_H outside die area in instance gen_east_pads\[7\].pad_gpio_in.
[WARNING GRT-0039] Found pin IB_MODE_SEL outside die area in instance gen_east_pads\[7\].pad_gpio_in.
[WARNING GRT-0039] Found pin ENABLE_VSWITCH_H outside die area in instance gen_east_pads\[7\].pad_gpio_in.
[WARNING GRT-0039] Found pin ANALOG_EN outside die area in instance gen_east_pads\[7\].pad_gpio_in.
[WARNING GRT-0039] Found pin PAD_A_NOESD_H outside die area in instance pad_clk.
[WARNING GRT-0039] Found pin ANALOG_POL outside die area in instance pad_clk.
[WARNING GRT-0039] Found pin ENABLE_VDDIO outside die area in instance pad_clk.
[WARNING GRT-0039] Found pin IN_H outside die area in instance pad_clk.
[WARNING GRT-0039] Found pin IN outside die area in instance pad_clk.
[WARNING GRT-0039] Found pin DM[0] outside die area in instance pad_clk.
[WARNING GRT-0039] Found pin DM[1] outside die area in instance pad_clk.
[WARNING GRT-0039] Found pin DM[2] outside die area in instance pad_clk.
[WARNING GRT-0039] Found pin HLD_H_N outside die area in instance pad_clk.
[WARNING GRT-0039] Found pin HLD_OVR outside die area in instance pad_clk.
[WARNING GRT-0039] Found pin INP_DIS outside die area in instance pad_clk.
[WARNING GRT-0039] Found pin ENABLE_VDDA_H outside die area in instance pad_clk.
[WARNING GRT-0039] Found pin VTRIP_SEL outside die area in instance pad_clk.
[WARNING GRT-0039] Found pin OE_N outside die area in instance pad_clk.
[WARNING GRT-0039] Found pin OUT outside die area in instance pad_clk.
[WARNING GRT-0039] Found pin SLOW outside die area in instance pad_clk.
[WARNING GRT-0039] Found pin TIE_LO_ESD outside die area in instance pad_clk.
[WARNING GRT-0039] Found pin PAD_A_ESD_0_H outside die area in instance pad_clk.
[WARNING GRT-0039] Found pin ANALOG_SEL outside die area in instance pad_clk.
[WARNING GRT-0039] Found pin ENABLE_INP_H outside die area in instance pad_clk.
[WARNING GRT-0039] Found pin PAD_A_ESD_1_H outside die area in instance pad_clk.
[WARNING GRT-0039] Found pin TIE_HI_ESD outside die area in instance pad_clk.
[WARNING GRT-0039] Found pin ENABLE_H outside die area in instance pad_clk.
[WARNING GRT-0039] Found pin IB_MODE_SEL outside die area in instance pad_clk.
[WARNING GRT-0039] Found pin ENABLE_VSWITCH_H outside die area in instance pad_clk.
[WARNING GRT-0039] Found pin ANALOG_EN outside die area in instance pad_clk.
[WARNING GRT-0039] Found pin PAD_A_NOESD_H outside die area in instance pad_rst_n.
[WARNING GRT-0039] Found pin ANALOG_POL outside die area in instance pad_rst_n.
[WARNING GRT-0039] Found pin ENABLE_VDDIO outside die area in instance pad_rst_n.
[WARNING GRT-0039] Found pin IN_H outside die area in instance pad_rst_n.
[WARNING GRT-0039] Found pin IN outside die area in instance pad_rst_n.
[WARNING GRT-0039] Found pin DM[0] outside die area in instance pad_rst_n.
[WARNING GRT-0039] Found pin DM[1] outside die area in instance pad_rst_n.
[WARNING GRT-0039] Found pin DM[2] outside die area in instance pad_rst_n.
[WARNING GRT-0039] Found pin HLD_H_N outside die area in instance pad_rst_n.
[WARNING GRT-0039] Found pin HLD_OVR outside die area in instance pad_rst_n.
[WARNING GRT-0039] Found pin INP_DIS outside die area in instance pad_rst_n.
[WARNING GRT-0039] Found pin ENABLE_VDDA_H outside die area in instance pad_rst_n.
[WARNING GRT-0039] Found pin VTRIP_SEL outside die area in instance pad_rst_n.
[WARNING GRT-0039] Found pin OE_N outside die area in instance pad_rst_n.
[WARNING GRT-0039] Found pin OUT outside die area in instance pad_rst_n.
[WARNING GRT-0039] Found pin SLOW outside die area in instance pad_rst_n.
[WARNING GRT-0039] Found pin TIE_LO_ESD outside die area in instance pad_rst_n.
[WARNING GRT-0039] Found pin PAD_A_ESD_0_H outside die area in instance pad_rst_n.
[WARNING GRT-0039] Found pin ANALOG_SEL outside die area in instance pad_rst_n.
[WARNING GRT-0039] Found pin ENABLE_INP_H outside die area in instance pad_rst_n.
[WARNING GRT-0039] Found pin PAD_A_ESD_1_H outside die area in instance pad_rst_n.
[WARNING GRT-0039] Found pin TIE_HI_ESD outside die area in instance pad_rst_n.
[WARNING GRT-0039] Found pin ENABLE_H outside die area in instance pad_rst_n.
[WARNING GRT-0039] Found pin IB_MODE_SEL outside die area in instance pad_rst_n.
[WARNING GRT-0039] Found pin ENABLE_VSWITCH_H outside die area in instance pad_rst_n.
[WARNING GRT-0039] Found pin ANALOG_EN outside die area in instance pad_rst_n.
[INFO GPL-0036] TileBBox: (    0    0 ) ( 6900 6900 ) DBU
[INFO GPL-0038] TileCnt:     144  144
[INFO GPL-0040] NumTiles: 20736
[INFO GPL-0081] TotalRouteOverflow: 12.874987363815308
[INFO GPL-0082] OverflowTileCnt: 1441
[INFO GPL-0083] 0.5%RC: 1.0236749603198125
[INFO GPL-0084] 1.0%RC: 1.0185800005610173
[INFO GPL-0085] 2.0%RC: 1.0145867339099746
[INFO GPL-0086] 5.0%RC: 1.0110736216275649
[INFO GPL-0087] FinalRC: 1.0211275
[INFO GPL-0078] FinalRC lower than minRC (1e+30), min RC updated.
[INFO GPL-0045] InflatedAreaDelta:        7.051 um^2
[INFO GPL-0046] TargetDensity:            0.300
[INFO GPL-0049] WhiteSpaceArea:      945430.493 um^2
[INFO GPL-0050] NesterovInstsArea:      195.187 um^2
[INFO GPL-0051] TotalFillerArea:     283433.971 um^2
[INFO GPL-0052] TotalGCellsArea:     283629.158 um^2
[INFO GPL-0053] ExpectedGCellsArea:  283636.210 um^2
[INFO GPL-0054] NewTargetDensity:         0.300
[INFO GPL-0055] NewWhiteSpaceArea:   945430.493 um^2
[INFO GPL-0056] MovableArea:         283636.204 um^2
[INFO GPL-0057] NewNesterovInstArea:    202.239 um^2
[INFO GPL-0058] NewTotalFillerArea:  283433.965 um^2
[INFO GPL-0059] NewTotalGCellsArea:  283636.204 um^2
[NesterovSolve] Revert back to snapshot coordi
[NesterovSolve] Finished with Overflow: 0.000000
[INFO] Setting RC values…
Setting global connections for newly added cells…
[INFO] Setting global connections...
Updating metrics…
Cell type report:                       Count       Area
  Pad                                      32  506000.00
  Fill cell                               718    2695.08
  Tap cell                              13718   17163.96
  Multi-Input combinational cell           52     195.19
  Total                                 14520  526054.23
Writing OpenROAD database to '/Users/refikyalcin/vlsi/digital/io-ring-demo/config/runs/run_1/79-openroad-globalplacement/top.odb'…
Writing netlist to '/Users/refikyalcin/vlsi/digital/io-ring-demo/config/runs/run_1/79-openroad-globalplacement/top.nl.v'…
Writing powered netlist to '/Users/refikyalcin/vlsi/digital/io-ring-demo/config/runs/run_1/79-openroad-globalplacement/top.pnl.v'…
Writing layout to '/Users/refikyalcin/vlsi/digital/io-ring-demo/config/runs/run_1/79-openroad-globalplacement/top.def'…
Writing timing constraints to '/Users/refikyalcin/vlsi/digital/io-ring-demo/config/runs/run_1/79-openroad-globalplacement/top.sdc'…
