Failed to pre-process input models for linting with Yosys: Command '['/nix/store/h7y44z86hvcf0vczrqcdvzlqg0pdvlxr-yosys-with-plugins-python3-3.11.9-env/bin/yosys', '-p', '\n                    verilog_defines -DUSE_POWER_PINS;\nverilog_defines -D__librelane__;\nverilog_defines -DSCL_sky130_fd_sc_hd;\nverilog_defines -DPDK_sky130A;\nverilog_defines -D__pnr__;\nread_verilog -sv -lib /Users/refikyalcin/vlsi/digital/io-ring-demo/config/runs/RUN_2025-12-18_13-54-18/tmp/f4658ca5b09047ab941c300929e1e012.bb.v;\n\n                    blackbox;\n                    write_verilog -noattr -noexpr -nohex -nodec -defparam -blackboxes /Users/refikyalcin/vlsi/digital/io-ring-demo/config/runs/RUN_2025-12-18_13-54-18/tmp/f4658ca5b09047ab941c300929e1e012.bb.v;\n                    ']' returned non-zero exit status 1.

 /----------------------------------------------------------------------------\
 |  yosys -- Yosys Open SYnthesis Suite                                       |
 |  Copyright (C) 2012 - 2024  Claire Xenia Wolf <claire@yosyshq.com>         |
 |  Distributed under an ISC-like license, type "license" to see terms        |
 \----------------------------------------------------------------------------/
 Yosys 0.46 (git sha1 e97731b9dda91fa5fa53ed87df7c34163ba59a41, clang++ 16.0.6 -fPIC -O3)
Loaded SDC plugin

-- Running command `
                    verilog_defines -DUSE_POWER_PINS;
verilog_defines -D__librelane__;
verilog_defines -DSCL_sky130_fd_sc_hd;
verilog_defines -DPDK_sky130A;
verilog_defines -D__pnr__;
read_verilog -sv -lib /Users/refikyalcin/vlsi/digital/io-ring-demo/config/runs/RUN_2025-12-18_13-54-18/tmp/f4658ca5b09047ab941c300929e1e012.bb.v;

                    blackbox;
                    write_verilog -noattr -noexpr -nohex -nodec -defparam -blackboxes /Users/refikyalcin/vlsi/digital/io-ring-demo/config/runs/RUN_2025-12-18_13-54-18/tmp/f4658ca5b09047ab941c300929e1e012.bb.v;
                    ' --

1. Executing Verilog-2005 frontend: /Users/refikyalcin/vlsi/digital/io-ring-demo/config/runs/RUN_2025-12-18_13-54-18/tmp/f4658ca5b09047ab941c300929e1e012.bb.v
/Users/refikyalcin/vlsi/digital/io-ring-demo/config/runs/RUN_2025-12-18_13-54-18/tmp/f4658ca5b09047ab941c300929e1e012.bb.v:201: ERROR: syntax error, unexpected TOK_ID

Will attempt to load models into linter as-is.
