Reading library file at '/Users/refikyalcin/.ciel/ciel/sky130/versions/0fe599b2afb6708d281543108caf8310912f54af/sky130A/libs.ref/sky130_fd_sc_hd/lib/sky130_fd_sc_hd__tt_025C_1v80.lib'…
Reading technology LEF file at '/Users/refikyalcin/.ciel/ciel/sky130/versions/0fe599b2afb6708d281543108caf8310912f54af/sky130A/libs.ref/sky130_fd_sc_hd/techlef/sky130_fd_sc_hd__nom.tlef'…
[INFO ODB-0227] LEF file: /Users/refikyalcin/.ciel/ciel/sky130/versions/0fe599b2afb6708d281543108caf8310912f54af/sky130A/libs.ref/sky130_fd_sc_hd/techlef/sky130_fd_sc_hd__nom.tlef, created 14 layers, 25 vias
Reading cell LEF file at '/Users/refikyalcin/.ciel/ciel/sky130/versions/0fe599b2afb6708d281543108caf8310912f54af/sky130A/libs.ref/sky130_fd_sc_hd/lef/sky130_ef_sc_hd.lef'…
[WARNING ODB-0220] WARNING (LEFPARS-2008): NOWIREEXTENSIONATPIN statement is obsolete in version 5.6 or later.
The NOWIREEXTENSIONATPIN statement will be ignored. See file /Users/refikyalcin/.ciel/ciel/sky130/versions/0fe599b2afb6708d281543108caf8310912f54af/sky130A/libs.ref/sky130_fd_sc_hd/lef/sky130_ef_sc_hd.lef at line 2.

[INFO ODB-0227] LEF file: /Users/refikyalcin/.ciel/ciel/sky130/versions/0fe599b2afb6708d281543108caf8310912f54af/sky130A/libs.ref/sky130_fd_sc_hd/lef/sky130_ef_sc_hd.lef, created 4 library cells
Reading cell LEF file at '/Users/refikyalcin/.ciel/ciel/sky130/versions/0fe599b2afb6708d281543108caf8310912f54af/sky130A/libs.ref/sky130_fd_sc_hd/lef/sky130_fd_sc_hd.lef'…
[WARNING ODB-0220] WARNING (LEFPARS-2008): NOWIREEXTENSIONATPIN statement is obsolete in version 5.6 or later.
The NOWIREEXTENSIONATPIN statement will be ignored. See file /Users/refikyalcin/.ciel/ciel/sky130/versions/0fe599b2afb6708d281543108caf8310912f54af/sky130A/libs.ref/sky130_fd_sc_hd/lef/sky130_fd_sc_hd.lef at line 2.

[INFO ODB-0227] LEF file: /Users/refikyalcin/.ciel/ciel/sky130/versions/0fe599b2afb6708d281543108caf8310912f54af/sky130A/libs.ref/sky130_fd_sc_hd/lef/sky130_fd_sc_hd.lef, created 437 library cells
Reading top-level netlist at '/Users/refikyalcin/vlsi/digital/io-ring-demo/config/runs/RUN_2025-12-18_13-57-47/06-yosys-synthesis/top.nl.v'…
Linking design 'top' from netlist…
[WARNING STA-0198] /Users/refikyalcin/vlsi/digital/io-ring-demo/config/runs/RUN_2025-12-18_13-57-47/06-yosys-synthesis/top.nl.v line 220, module sky130_fd_io__top_gpiov2 not found. Creating black box for \gen_east_pads[0].pad_gpio_in .
[WARNING STA-0198] /Users/refikyalcin/vlsi/digital/io-ring-demo/config/runs/RUN_2025-12-18_13-57-47/06-yosys-synthesis/top.nl.v line 532, module sky130_fd_io__top_power_hvc_wpad not found. Creating black box for pad_vccd_aux.
[WARNING STA-0198] /Users/refikyalcin/vlsi/digital/io-ring-demo/config/runs/RUN_2025-12-18_13-57-47/06-yosys-synthesis/top.nl.v line 562, module sky130_fd_io__top_ground_hvc_wpad not found. Creating black box for pad_vssa_main.
[WARNING ORD-2013] instance gen_east_pads\[0\].pad_gpio_in LEF master sky130_fd_io__top_gpiov2 not found.
[WARNING ORD-2013] instance gen_east_pads\[1\].pad_gpio_in LEF master sky130_fd_io__top_gpiov2 not found.
[WARNING ORD-2013] instance gen_east_pads\[2\].pad_gpio_in LEF master sky130_fd_io__top_gpiov2 not found.
[WARNING ORD-2013] instance gen_east_pads\[3\].pad_gpio_in LEF master sky130_fd_io__top_gpiov2 not found.
[WARNING ORD-2013] instance gen_east_pads\[4\].pad_gpio_in LEF master sky130_fd_io__top_gpiov2 not found.
[WARNING ORD-2013] instance gen_east_pads\[5\].pad_gpio_in LEF master sky130_fd_io__top_gpiov2 not found.
[WARNING ORD-2013] instance gen_east_pads\[6\].pad_gpio_in LEF master sky130_fd_io__top_gpiov2 not found.
[WARNING ORD-2013] instance gen_east_pads\[7\].pad_gpio_in LEF master sky130_fd_io__top_gpiov2 not found.
[WARNING ORD-2013] instance gen_south_pads\[0\].pad_gpio_out LEF master sky130_fd_io__top_gpiov2 not found.
[WARNING ORD-2013] instance gen_south_pads\[1\].pad_gpio_out LEF master sky130_fd_io__top_gpiov2 not found.
[WARNING ORD-2013] instance gen_south_pads\[2\].pad_gpio_out LEF master sky130_fd_io__top_gpiov2 not found.
[WARNING ORD-2013] instance gen_south_pads\[3\].pad_gpio_out LEF master sky130_fd_io__top_gpiov2 not found.
[WARNING ORD-2013] instance gen_south_pads\[4\].pad_gpio_out LEF master sky130_fd_io__top_gpiov2 not found.
[WARNING ORD-2013] instance gen_south_pads\[5\].pad_gpio_out LEF master sky130_fd_io__top_gpiov2 not found.
[WARNING ORD-2013] instance gen_south_pads\[6\].pad_gpio_out LEF master sky130_fd_io__top_gpiov2 not found.
[WARNING ORD-2013] instance gen_south_pads\[7\].pad_gpio_out LEF master sky130_fd_io__top_gpiov2 not found.
[WARNING ORD-2013] instance gen_west_pads\[0\].pad_analog LEF master sky130_fd_io__top_gpiov2 not found.
[WARNING ORD-2013] instance gen_west_pads\[1\].pad_analog LEF master sky130_fd_io__top_gpiov2 not found.
[WARNING ORD-2013] instance gen_west_pads\[2\].pad_analog LEF master sky130_fd_io__top_gpiov2 not found.
[WARNING ORD-2013] instance gen_west_pads\[3\].pad_analog LEF master sky130_fd_io__top_gpiov2 not found.
[WARNING ORD-2013] instance gen_west_pads\[4\].pad_analog LEF master sky130_fd_io__top_gpiov2 not found.
[WARNING ORD-2013] instance gen_west_pads\[5\].pad_analog LEF master sky130_fd_io__top_gpiov2 not found.
[WARNING ORD-2013] instance gen_west_pads\[6\].pad_analog LEF master sky130_fd_io__top_gpiov2 not found.
[WARNING ORD-2013] instance gen_west_pads\[7\].pad_analog LEF master sky130_fd_io__top_gpiov2 not found.
[WARNING ORD-2013] instance pad_clk LEF master sky130_fd_io__top_gpiov2 not found.
[WARNING ORD-2013] instance pad_rst_n LEF master sky130_fd_io__top_gpiov2 not found.
[WARNING ORD-2013] instance pad_vccd_aux LEF master sky130_fd_io__top_power_hvc_wpad not found.
[WARNING ORD-2013] instance pad_vccd_main LEF master sky130_fd_io__top_power_hvc_wpad not found.
[WARNING ORD-2013] instance pad_vdda_main LEF master sky130_fd_io__top_power_hvc_wpad not found.
[WARNING ORD-2013] instance pad_vssa_main LEF master sky130_fd_io__top_ground_hvc_wpad not found.
[WARNING ORD-2013] instance pad_vssd_aux LEF master sky130_fd_io__top_ground_hvc_wpad not found.
[WARNING ORD-2013] instance pad_vssd_main LEF master sky130_fd_io__top_ground_hvc_wpad not found.
Reading design constraints file at '/nix/store/7x1qis8my0i44w1lx1yq2wiwh6yc774i-python3-3.11.9-env/lib/python3.11/site-packages/librelane/scripts/base.sdc'…
[WARNING STA-0366] port '__VIRTUAL_CLK__' not found.
[INFO] Using clock __VIRTUAL_CLK__…
[INFO] Setting output delay to: 2.0
[INFO] Setting input delay to: 2.0
[WARNING STA-0366] port '__VIRTUAL_CLK__' not found.
[INFO] Setting load to: 0.033442
[INFO] Setting clock uncertainty to: 0.25
[INFO] Setting clock transition to: 0.1499999999999999944488848768742172978818416595458984375
[WARNING STA-0419] transition time can not be specified for virtual clocks.
[INFO] Setting timing derate to: 5%
[WARNING STA-0450] virtual clock __VIRTUAL_CLK__ can not be propagated.
Using site height: 2.72 and site width: 0.46…
[INFO] Using absolute sizing for the floorplan.
[INFO IFP-0001] Added 359 rows of 2149 site unithd.
[INFO IFP-0030] Inserted 0 tiecells using sky130_fd_sc_hd__conb_1/LO.
[INFO IFP-0030] Inserted 0 tiecells using sky130_fd_sc_hd__conb_1/HI.
[INFO] Extracting DIE_AREA and CORE_AREA from the floorplan
[INFO] Floorplanned on a die area of 0.0 0.0 1000.0 1000.0 (µm).
[INFO] Floorplanned on a core area of 5.52 10.88 994.06 987.36 (µm).
Writing metric design__die__bbox: 0.0 0.0 1000.0 1000.0
Writing metric design__core__bbox: 5.52 10.88 994.06 987.36
Setting global connections for newly added cells…
[INFO] Setting global connections...
Updating metrics…
Cell type report:                       Count       Area
  Multi-Input combinational cell           52     195.19
  Total                                    52     195.19
Writing OpenROAD database to '/Users/refikyalcin/vlsi/digital/io-ring-demo/config/runs/RUN_2025-12-18_13-57-47/13-openroad-floorplan/top.odb'…
Writing netlist to '/Users/refikyalcin/vlsi/digital/io-ring-demo/config/runs/RUN_2025-12-18_13-57-47/13-openroad-floorplan/top.nl.v'…
Writing powered netlist to '/Users/refikyalcin/vlsi/digital/io-ring-demo/config/runs/RUN_2025-12-18_13-57-47/13-openroad-floorplan/top.pnl.v'…
Writing layout to '/Users/refikyalcin/vlsi/digital/io-ring-demo/config/runs/RUN_2025-12-18_13-57-47/13-openroad-floorplan/top.def'…
Writing timing constraints to '/Users/refikyalcin/vlsi/digital/io-ring-demo/config/runs/RUN_2025-12-18_13-57-47/13-openroad-floorplan/top.sdc'…
