Starting…
Running 'Verilator.Lint' at '../../digital/io-ring-demo/config/runs/RUN_2025-12-18_13-57-47/01-verilator-lint'…
Logging subprocess to [repr.filename]'../../digital/io-ring-demo/config/runs/RUN_2025-12-18_13-57-47/01-verilator-lint/verilator-lint.log'[/repr.filename]…
Running 'Checker.LintTimingConstructs' at '../../digital/io-ring-demo/config/runs/RUN_2025-12-18_13-57-47/02-checker-linttimingconstructs'…
Check for Lint Timing Errors clear.
Running 'Checker.LintErrors' at '../../digital/io-ring-demo/config/runs/RUN_2025-12-18_13-57-47/03-checker-linterrors'…
Check for Lint errors clear.
Running 'Checker.LintWarnings' at '../../digital/io-ring-demo/config/runs/RUN_2025-12-18_13-57-47/04-checker-lintwarnings'…
61 Lint warnings found.
Running 'Yosys.JsonHeader' at '../../digital/io-ring-demo/config/runs/RUN_2025-12-18_13-57-47/05-yosys-jsonheader'…
Logging subprocess to [repr.filename]'../../digital/io-ring-demo/config/runs/RUN_2025-12-18_13-57-47/05-yosys-jsonheader/yosys-jsonheader.log'[/repr.filename]…
Running 'Yosys.Synthesis' at '../../digital/io-ring-demo/config/runs/RUN_2025-12-18_13-57-47/06-yosys-synthesis'…
Logging subprocess to [repr.filename]'../../digital/io-ring-demo/config/runs/RUN_2025-12-18_13-57-47/06-yosys-synthesis/yosys-synthesis.log'[/repr.filename]…
Parsing synthesis checks…
Running 'Checker.YosysUnmappedCells' at '../../digital/io-ring-demo/config/runs/RUN_2025-12-18_13-57-47/07-checker-yosysunmappedcells'…
Check for Unmapped Yosys instances clear.
Running 'Checker.YosysSynthChecks' at '../../digital/io-ring-demo/config/runs/RUN_2025-12-18_13-57-47/08-checker-yosyssynthchecks'…
Check for Yosys check errors clear.
Running 'Checker.NetlistAssignStatements' at '../../digital/io-ring-demo/config/runs/RUN_2025-12-18_13-57-47/09-checker-netlistassignstatements'…
Running 'OpenROAD.CheckSDCFiles' at '../../digital/io-ring-demo/config/runs/RUN_2025-12-18_13-57-47/10-openroad-checksdcfiles'…
'PNR_SDC_FILE' is not defined. Using generic fallback SDC for OpenROAD PnR steps.
'SIGNOFF_SDC_FILE' is not defined. Using generic fallback SDC for OpenROAD PnR steps.
Running 'OpenROAD.CheckMacroInstances' at '../../digital/io-ring-demo/config/runs/RUN_2025-12-18_13-57-47/11-openroad-checkmacroinstances'…
No macros found, skipping instance check…
Running 'OpenROAD.STAPrePNR' at '../../digital/io-ring-demo/config/runs/RUN_2025-12-18_13-57-47/12-openroad-staprepnr'…
Starting STA for the nom_tt_025C_1v80 timing corner…
Starting STA for the nom_ss_100C_1v60 timing corner…
Starting STA for the nom_ff_n40C_1v95 timing corner…
Skipping corner min_tt_025C_1v80 for STA (identical to nom_tt_025C_1v80 at this stage)…
Skipping corner min_ss_100C_1v60 for STA (identical to nom_ss_100C_1v60 at this stage)…
Skipping corner min_ff_n40C_1v95 for STA (identical to nom_ff_n40C_1v95 at this stage)…
Skipping corner max_tt_025C_1v80 for STA (identical to nom_tt_025C_1v80 at this stage)…
Skipping corner max_ss_100C_1v60 for STA (identical to nom_ss_100C_1v60 at this stage)…
Skipping corner max_ff_n40C_1v95 for STA (identical to nom_ff_n40C_1v95 at this stage)…
Logging subprocess to [repr.filename]'../../digital/io-ring-demo/config/runs/RUN_2025-12-18_13-57-47/12-openroad-staprepnr/nom_ss_100C_1v60/sta.log'[/repr.filename]…
Logging subprocess to [repr.filename]'../../digital/io-ring-demo/config/runs/RUN_2025-12-18_13-57-47/12-openroad-staprepnr/nom_tt_025C_1v80/sta.log'[/repr.filename]…
Logging subprocess to [repr.filename]'../../digital/io-ring-demo/config/runs/RUN_2025-12-18_13-57-47/12-openroad-staprepnr/nom_ff_n40C_1v95/sta.log'[/repr.filename]…
Finished STA for the nom_ff_n40C_1v95 timing corner.
Finished STA for the nom_tt_025C_1v80 timing corner.
Finished STA for the nom_ss_100C_1v60 timing corner.
Running 'OpenROAD.Floorplan' at '../../digital/io-ring-demo/config/runs/RUN_2025-12-18_13-57-47/13-openroad-floorplan'…
Logging subprocess to [repr.filename]'../../digital/io-ring-demo/config/runs/RUN_2025-12-18_13-57-47/13-openroad-floorplan/openroad-floorplan.log'[/repr.filename]…
[STA-0198] /Users/refikyalcin/vlsi/digital/io-ring-demo/config/runs/RUN_2025-12-18_13-57-47/06-yosys-synthesis/top.nl.v line 220, module sky130_fd_io__top_gpiov2 not found. Creating black box for \gen_east_pads[0].pad_gpio_in .
[STA-0198] /Users/refikyalcin/vlsi/digital/io-ring-demo/config/runs/RUN_2025-12-18_13-57-47/06-yosys-synthesis/top.nl.v line 532, module sky130_fd_io__top_power_hvc_wpad not found. Creating black box for pad_vccd_aux.
[STA-0198] /Users/refikyalcin/vlsi/digital/io-ring-demo/config/runs/RUN_2025-12-18_13-57-47/06-yosys-synthesis/top.nl.v line 562, module sky130_fd_io__top_ground_hvc_wpad not found. Creating black box for pad_vssa_main.
[ORD-2013] instance gen_east_pads\[0\].pad_gpio_in LEF master sky130_fd_io__top_gpiov2 not found.
[ORD-2013] instance gen_east_pads\[1\].pad_gpio_in LEF master sky130_fd_io__top_gpiov2 not found.
[ORD-2013] instance gen_east_pads\[2\].pad_gpio_in LEF master sky130_fd_io__top_gpiov2 not found.
[ORD-2013] instance gen_east_pads\[3\].pad_gpio_in LEF master sky130_fd_io__top_gpiov2 not found.
[ORD-2013] instance gen_east_pads\[4\].pad_gpio_in LEF master sky130_fd_io__top_gpiov2 not found.
[ORD-2013] instance gen_east_pads\[5\].pad_gpio_in LEF master sky130_fd_io__top_gpiov2 not found.
[ORD-2013] instance gen_east_pads\[6\].pad_gpio_in LEF master sky130_fd_io__top_gpiov2 not found.
[ORD-2013] instance gen_east_pads\[7\].pad_gpio_in LEF master sky130_fd_io__top_gpiov2 not found.
[ORD-2013] instance gen_south_pads\[0\].pad_gpio_out LEF master sky130_fd_io__top_gpiov2 not found.
[ORD-2013] instance gen_south_pads\[1\].pad_gpio_out LEF master sky130_fd_io__top_gpiov2 not found.
[ORD-2013] instance gen_south_pads\[2\].pad_gpio_out LEF master sky130_fd_io__top_gpiov2 not found.
[ORD-2013] instance gen_south_pads\[3\].pad_gpio_out LEF master sky130_fd_io__top_gpiov2 not found.
[ORD-2013] instance gen_south_pads\[4\].pad_gpio_out LEF master sky130_fd_io__top_gpiov2 not found.
[ORD-2013] instance gen_south_pads\[5\].pad_gpio_out LEF master sky130_fd_io__top_gpiov2 not found.
[ORD-2013] instance gen_south_pads\[6\].pad_gpio_out LEF master sky130_fd_io__top_gpiov2 not found.
[ORD-2013] instance gen_south_pads\[7\].pad_gpio_out LEF master sky130_fd_io__top_gpiov2 not found.
[ORD-2013] instance gen_west_pads\[0\].pad_analog LEF master sky130_fd_io__top_gpiov2 not found.
[ORD-2013] instance gen_west_pads\[1\].pad_analog LEF master sky130_fd_io__top_gpiov2 not found.
[ORD-2013] instance gen_west_pads\[2\].pad_analog LEF master sky130_fd_io__top_gpiov2 not found.
[ORD-2013] instance gen_west_pads\[3\].pad_analog LEF master sky130_fd_io__top_gpiov2 not found.
[ORD-2013] instance gen_west_pads\[4\].pad_analog LEF master sky130_fd_io__top_gpiov2 not found.
[ORD-2013] instance gen_west_pads\[5\].pad_analog LEF master sky130_fd_io__top_gpiov2 not found.
[ORD-2013] instance gen_west_pads\[6\].pad_analog LEF master sky130_fd_io__top_gpiov2 not found.
[ORD-2013] instance gen_west_pads\[7\].pad_analog LEF master sky130_fd_io__top_gpiov2 not found.
[ORD-2013] instance pad_clk LEF master sky130_fd_io__top_gpiov2 not found.
[ORD-2013] instance pad_rst_n LEF master sky130_fd_io__top_gpiov2 not found.
[ORD-2013] instance pad_vccd_aux LEF master sky130_fd_io__top_power_hvc_wpad not found.
[ORD-2013] instance pad_vccd_main LEF master sky130_fd_io__top_power_hvc_wpad not found.
[ORD-2013] instance pad_vdda_main LEF master sky130_fd_io__top_power_hvc_wpad not found.
[ORD-2013] instance pad_vssa_main LEF master sky130_fd_io__top_ground_hvc_wpad not found.
[ORD-2013] instance pad_vssd_aux LEF master sky130_fd_io__top_ground_hvc_wpad not found.
[ORD-2013] instance pad_vssd_main LEF master sky130_fd_io__top_ground_hvc_wpad not found.
[STA-0366] port '__VIRTUAL_CLK__' not found.
[STA-0366] port '__VIRTUAL_CLK__' not found.
[STA-0419] transition time can not be specified for virtual clocks.
[STA-0450] virtual clock __VIRTUAL_CLK__ can not be propagated.
Running 'Odb.CheckMacroAntennaProperties' at '../../digital/io-ring-demo/config/runs/RUN_2025-12-18_13-57-47/14-odb-checkmacroantennaproperties'…
No cells provided, skipping…
Running 'Odb.SetPowerConnections' at '../../digital/io-ring-demo/config/runs/RUN_2025-12-18_13-57-47/15-odb-setpowerconnections'…
Logging subprocess to [repr.filename]'../../digital/io-ring-demo/config/runs/RUN_2025-12-18_13-57-47/15-odb-setpowerconnections/odb-setpowerconnections.log'[/repr.filename]…
Could not find master for cell type 'sky130_fd_io__top_gpiov2' in the database.
