61 Lint warnings found.
'PNR_SDC_FILE' is not defined. Using generic fallback SDC for OpenROAD PnR steps.
'SIGNOFF_SDC_FILE' is not defined. Using generic fallback SDC for OpenROAD PnR steps.
[STA-0198] /Users/refikyalcin/vlsi/digital/io-ring-demo/config/runs/RUN_2025-12-18_13-57-47/06-yosys-synthesis/top.nl.v line 220, module sky130_fd_io__top_gpiov2 not found. Creating black box for \gen_east_pads[0].pad_gpio_in .
[STA-0198] /Users/refikyalcin/vlsi/digital/io-ring-demo/config/runs/RUN_2025-12-18_13-57-47/06-yosys-synthesis/top.nl.v line 532, module sky130_fd_io__top_power_hvc_wpad not found. Creating black box for pad_vccd_aux.
[STA-0198] /Users/refikyalcin/vlsi/digital/io-ring-demo/config/runs/RUN_2025-12-18_13-57-47/06-yosys-synthesis/top.nl.v line 562, module sky130_fd_io__top_ground_hvc_wpad not found. Creating black box for pad_vssa_main.
[ORD-2013] instance gen_east_pads\[0\].pad_gpio_in LEF master sky130_fd_io__top_gpiov2 not found.
[ORD-2013] instance gen_east_pads\[1\].pad_gpio_in LEF master sky130_fd_io__top_gpiov2 not found.
[ORD-2013] instance gen_east_pads\[2\].pad_gpio_in LEF master sky130_fd_io__top_gpiov2 not found.
[ORD-2013] instance gen_east_pads\[3\].pad_gpio_in LEF master sky130_fd_io__top_gpiov2 not found.
[ORD-2013] instance gen_east_pads\[4\].pad_gpio_in LEF master sky130_fd_io__top_gpiov2 not found.
[ORD-2013] instance gen_east_pads\[5\].pad_gpio_in LEF master sky130_fd_io__top_gpiov2 not found.
[ORD-2013] instance gen_east_pads\[6\].pad_gpio_in LEF master sky130_fd_io__top_gpiov2 not found.
[ORD-2013] instance gen_east_pads\[7\].pad_gpio_in LEF master sky130_fd_io__top_gpiov2 not found.
[ORD-2013] instance gen_south_pads\[0\].pad_gpio_out LEF master sky130_fd_io__top_gpiov2 not found.
[ORD-2013] instance gen_south_pads\[1\].pad_gpio_out LEF master sky130_fd_io__top_gpiov2 not found.
[ORD-2013] instance gen_south_pads\[2\].pad_gpio_out LEF master sky130_fd_io__top_gpiov2 not found.
[ORD-2013] instance gen_south_pads\[3\].pad_gpio_out LEF master sky130_fd_io__top_gpiov2 not found.
[ORD-2013] instance gen_south_pads\[4\].pad_gpio_out LEF master sky130_fd_io__top_gpiov2 not found.
[ORD-2013] instance gen_south_pads\[5\].pad_gpio_out LEF master sky130_fd_io__top_gpiov2 not found.
[ORD-2013] instance gen_south_pads\[6\].pad_gpio_out LEF master sky130_fd_io__top_gpiov2 not found.
[ORD-2013] instance gen_south_pads\[7\].pad_gpio_out LEF master sky130_fd_io__top_gpiov2 not found.
[ORD-2013] instance gen_west_pads\[0\].pad_analog LEF master sky130_fd_io__top_gpiov2 not found.
[ORD-2013] instance gen_west_pads\[1\].pad_analog LEF master sky130_fd_io__top_gpiov2 not found.
[ORD-2013] instance gen_west_pads\[2\].pad_analog LEF master sky130_fd_io__top_gpiov2 not found.
[ORD-2013] instance gen_west_pads\[3\].pad_analog LEF master sky130_fd_io__top_gpiov2 not found.
[ORD-2013] instance gen_west_pads\[4\].pad_analog LEF master sky130_fd_io__top_gpiov2 not found.
[ORD-2013] instance gen_west_pads\[5\].pad_analog LEF master sky130_fd_io__top_gpiov2 not found.
[ORD-2013] instance gen_west_pads\[6\].pad_analog LEF master sky130_fd_io__top_gpiov2 not found.
[ORD-2013] instance gen_west_pads\[7\].pad_analog LEF master sky130_fd_io__top_gpiov2 not found.
[ORD-2013] instance pad_clk LEF master sky130_fd_io__top_gpiov2 not found.
[ORD-2013] instance pad_rst_n LEF master sky130_fd_io__top_gpiov2 not found.
[ORD-2013] instance pad_vccd_aux LEF master sky130_fd_io__top_power_hvc_wpad not found.
[ORD-2013] instance pad_vccd_main LEF master sky130_fd_io__top_power_hvc_wpad not found.
[ORD-2013] instance pad_vdda_main LEF master sky130_fd_io__top_power_hvc_wpad not found.
[ORD-2013] instance pad_vssa_main LEF master sky130_fd_io__top_ground_hvc_wpad not found.
[ORD-2013] instance pad_vssd_aux LEF master sky130_fd_io__top_ground_hvc_wpad not found.
[ORD-2013] instance pad_vssd_main LEF master sky130_fd_io__top_ground_hvc_wpad not found.
[STA-0366] port '__VIRTUAL_CLK__' not found.
[STA-0366] port '__VIRTUAL_CLK__' not found.
[STA-0419] transition time can not be specified for virtual clocks.
[STA-0450] virtual clock __VIRTUAL_CLK__ can not be propagated.
