Reading OpenROAD database at '/Users/refikyalcin/vlsi/digital/io-ring-demo/config/runs/run_1/29-openroad-ioplacement/top.odb'…
Reading library file at '/Users/refikyalcin/.ciel/ciel/sky130/versions/0fe599b2afb6708d281543108caf8310912f54af/sky130A/libs.ref/sky130_fd_sc_hd/lib/sky130_fd_sc_hd__tt_025C_1v80.lib'…
Reading design constraints file at '/nix/store/7x1qis8my0i44w1lx1yq2wiwh6yc774i-python3-3.11.9-env/lib/python3.11/site-packages/librelane/scripts/base.sdc'…
[WARNING STA-0366] port 'clk' not found.
[INFO] Using clock clk…
[INFO] Setting output delay to: 2.0
[INFO] Setting input delay to: 2.0
[WARNING STA-0366] port 'clk' not found.
[INFO] Setting load to: 0.033442
[INFO] Setting clock uncertainty to: 0.25
[INFO] Setting clock transition to: 0.1499999999999999944488848768742172978818416595458984375
[WARNING STA-0419] transition time can not be specified for virtual clocks.
[INFO] Setting timing derate to: 5%
[WARNING STA-0450] virtual clock clk can not be propagated.
[INFO] Setting RC values…
[INFO] Setting signal min routing layer to: met1 and clock min routing layer to met1. 
[INFO] Setting signal max routing layer to: met4 and clock max routing layer to met4. 
+ global_placement -density 0.3 -timing_driven -routability_driven -pad_right 0 -pad_left 0 -init_wirelength_coef 0.25
[INFO GPL-0002] DBU: 1000
[INFO GPL-0003] SiteSize: (  0.460  2.720 ) um
[INFO GPL-0004] CoreBBox: (  5.520 10.880 ) ( 994.060 987.360 ) um
[INFO GPL-0006] NumInstances:             14488
[INFO GPL-0007] NumPlaceInstances:           52
[INFO GPL-0008] NumFixedInstances:        14436
[INFO GPL-0009] NumDummyInstances:            0
[INFO GPL-0010] NumNets:                     56
[INFO GPL-0011] NumPins:                    108
[INFO GPL-0012] DieBBox:  (  0.000  0.000 ) ( 1000.000 1000.000 ) um
[INFO GPL-0013] CoreBBox: (  5.520 10.880 ) ( 994.060 987.360 ) um
[INFO GPL-0016] CoreArea:            965289.539 um^2
[INFO GPL-0017] NonPlaceInstsArea:    19859.046 um^2
[INFO GPL-0018] PlaceInstsArea:         195.187 um^2
[INFO GPL-0019] Util:                     0.021 %
[INFO GPL-0020] StdInstsArea:           195.187 um^2
[INFO GPL-0021] MacroInstsArea:           0.000 um^2
[InitialPlace]  Iter: 1 CG residual: 0.00000000 HPWL: 14577120
[InitialPlace]  Iter: 2 CG residual: 0.00000000 HPWL: 14590780
[InitialPlace]  Iter: 3 CG residual: 0.00000000 HPWL: 14590764
[InitialPlace]  Iter: 4 CG residual: 0.00000000 HPWL: 14590764
[InitialPlace]  Iter: 5 CG residual: 0.00000000 HPWL: 14590764
[INFO GPL-0031] FillerInit:NumGCells:     75561
[INFO GPL-0032] FillerInit:NumGNets:         56
[INFO GPL-0033] FillerInit:NumGPins:        108
[INFO GPL-0023] TargetDensity:            0.300
[INFO GPL-0024] AvrgPlaceInstArea:        3.754 um^2
[INFO GPL-0025] IdealBinArea:            12.512 um^2
[INFO GPL-0026] IdealBinCnt:              77149
[INFO GPL-0027] TotalBinArea:        965289.539 um^2
[INFO GPL-0028] BinCnt:       256    256
[INFO GPL-0029] BinSize: (  3.862  3.815 )
[INFO GPL-0030] NumBins: 65536
[NesterovSolve] Iter:    1 overflow: 0.863 HPWL: 644146
[NesterovSolve] Iter:   10 overflow: 0.863 HPWL: 644146
[NesterovSolve] Iter:   20 overflow: 0.863 HPWL: 644146
[NesterovSolve] Iter:   30 overflow: 0.863 HPWL: 644146
[NesterovSolve] Iter:   40 overflow: 0.863 HPWL: 644146
[NesterovSolve] Iter:   50 overflow: 0.863 HPWL: 644146
[NesterovSolve] Iter:   60 overflow: 0.863 HPWL: 644146
[NesterovSolve] Iter:   70 overflow: 0.863 HPWL: 644146
[NesterovSolve] Iter:   80 overflow: 0.863 HPWL: 644146
[NesterovSolve] Iter:   90 overflow: 0.863 HPWL: 644146
[NesterovSolve] Iter:  100 overflow: 0.863 HPWL: 644146
[NesterovSolve] Iter:  110 overflow: 0.863 HPWL: 644146
[NesterovSolve] Iter:  120 overflow: 0.863 HPWL: 644146
[NesterovSolve] Iter:  130 overflow: 0.863 HPWL: 644146
[NesterovSolve] Iter:  140 overflow: 0.863 HPWL: 644146
[NesterovSolve] Iter:  150 overflow: 0.863 HPWL: 644146
[NesterovSolve] Iter:  160 overflow: 0.863 HPWL: 644146
[NesterovSolve] Iter:  170 overflow: 0.863 HPWL: 644146
[NesterovSolve] Iter:  180 overflow: 0.863 HPWL: 644146
[NesterovSolve] Iter:  190 overflow: 0.863 HPWL: 644146
[NesterovSolve] Iter:  200 overflow: 0.863 HPWL: 644146
[NesterovSolve] Iter:  210 overflow: 0.863 HPWL: 644146
[NesterovSolve] Iter:  220 overflow: 0.863 HPWL: 644146
[NesterovSolve] Iter:  230 overflow: 0.863 HPWL: 644146
[NesterovSolve] Iter:  240 overflow: 0.863 HPWL: 644146
[NesterovSolve] Iter:  250 overflow: 0.863 HPWL: 644146
[NesterovSolve] Iter:  260 overflow: 0.863 HPWL: 644146
[NesterovSolve] Iter:  270 overflow: 0.863 HPWL: 644146
[NesterovSolve] Iter:  280 overflow: 0.863 HPWL: 644146
[INFO GPL-0100] Timing-driven: executing resizer for reweighting nets.
[INFO GPL-0101] Timing-driven: worst slack 1e+30
[WARNING GPL-0102] Timing-driven: no slacks found. Timing-driven mode disabled.
[NesterovSolve] Iter:  290 overflow: 0.779 HPWL: 1618716
[NesterovSolve] Iter:  300 overflow: 0.780 HPWL: 1024324
[NesterovSolve] Iter:  310 overflow: 0.793 HPWL: 883008
[NesterovSolve] Iter:  320 overflow: 0.754 HPWL: 1043903
[NesterovSolve] Iter:  330 overflow: 0.616 HPWL: 1055541
[NesterovSolve] Snapshot saved at iter = 332
[NesterovSolve] Iter:  340 overflow: 0.668 HPWL: 981368
[NesterovSolve] Iter:  350 overflow: 0.530 HPWL: 1160702
[INFO GPL-0075] Routability numCall: 1 inflationIterCnt: 1 bloatIterCnt: 0
[ERROR GRT-0010] Instance gen_east_pads\[5\].pad_gpio_in is not placed.
Error: gpl.tcl, 79 GRT-0010
