%Warning-PINCONNECTEMPTY: /Users/refikyalcin/vlsi/digital/io-ring-demo/config/../src/top.v:15:80: Cell pin connected by name with empty reference: 'PAD'
   15 |     sky130_fd_io__top_gpiov2 pad_clk   (.ENABLE_H(1'b1), .ENABLE_INP_H(1'b1), .PAD(), .vccd_h(vccd1), .vccd_l(vccd1), .vssd_h(vssd1), .vssd_l(vssd1), .vdda_h(vdda1), .vdda_l(vdda1), .vssa_h(vssa1), .vssa_l(vssa1));
      |                                                                                ^~~
                          ... For warning description see https://verilator.org/warn/PINCONNECTEMPTY?v=5.018
                          ... Use "/* verilator lint_off PINCONNECTEMPTY */" and lint_on around source to disable this message.
%Warning-PINMISSING: /Users/refikyalcin/vlsi/digital/io-ring-demo/config/../src/top.v:15:30: Cell has missing pin: 'IN'
   15 |     sky130_fd_io__top_gpiov2 pad_clk   (.ENABLE_H(1'b1), .ENABLE_INP_H(1'b1), .PAD(), .vccd_h(vccd1), .vccd_l(vccd1), .vssd_h(vssd1), .vssd_l(vssd1), .vdda_h(vdda1), .vdda_l(vdda1), .vssa_h(vssa1), .vssa_l(vssa1));
      |                              ^~~~~~~
%Warning-PINMISSING: /Users/refikyalcin/vlsi/digital/io-ring-demo/config/../src/top.v:15:30: Cell has missing pin: 'IN_H'
   15 |     sky130_fd_io__top_gpiov2 pad_clk   (.ENABLE_H(1'b1), .ENABLE_INP_H(1'b1), .PAD(), .vccd_h(vccd1), .vccd_l(vccd1), .vssd_h(vssd1), .vssd_l(vssd1), .vdda_h(vdda1), .vdda_l(vdda1), .vssa_h(vssa1), .vssa_l(vssa1));
      |                              ^~~~~~~
%Warning-PINMISSING: /Users/refikyalcin/vlsi/digital/io-ring-demo/config/../src/top.v:15:30: Cell has missing pin: 'HOLD_H'
   15 |     sky130_fd_io__top_gpiov2 pad_clk   (.ENABLE_H(1'b1), .ENABLE_INP_H(1'b1), .PAD(), .vccd_h(vccd1), .vccd_l(vccd1), .vssd_h(vssd1), .vssd_l(vssd1), .vdda_h(vdda1), .vdda_l(vdda1), .vssa_h(vssa1), .vssa_l(vssa1));
      |                              ^~~~~~~
%Warning-PINMISSING: /Users/refikyalcin/vlsi/digital/io-ring-demo/config/../src/top.v:15:30: Cell has missing pin: 'ENABLE_VDDA_H'
   15 |     sky130_fd_io__top_gpiov2 pad_clk   (.ENABLE_H(1'b1), .ENABLE_INP_H(1'b1), .PAD(), .vccd_h(vccd1), .vccd_l(vccd1), .vssd_h(vssd1), .vssd_l(vssd1), .vdda_h(vdda1), .vdda_l(vdda1), .vssa_h(vssa1), .vssa_l(vssa1));
      |                              ^~~~~~~
%Warning-PINMISSING: /Users/refikyalcin/vlsi/digital/io-ring-demo/config/../src/top.v:15:30: Cell has missing pin: 'ENABLE_VSWITCH_H'
   15 |     sky130_fd_io__top_gpiov2 pad_clk   (.ENABLE_H(1'b1), .ENABLE_INP_H(1'b1), .PAD(), .vccd_h(vccd1), .vccd_l(vccd1), .vssd_h(vssd1), .vssd_l(vssd1), .vdda_h(vdda1), .vdda_l(vdda1), .vssa_h(vssa1), .vssa_l(vssa1));
      |                              ^~~~~~~
%Warning-PINMISSING: /Users/refikyalcin/vlsi/digital/io-ring-demo/config/../src/top.v:15:30: Cell has missing pin: 'ENABLE_VDDIO'
   15 |     sky130_fd_io__top_gpiov2 pad_clk   (.ENABLE_H(1'b1), .ENABLE_INP_H(1'b1), .PAD(), .vccd_h(vccd1), .vccd_l(vccd1), .vssd_h(vssd1), .vssd_l(vssd1), .vdda_h(vdda1), .vdda_l(vdda1), .vssa_h(vssa1), .vssa_l(vssa1));
      |                              ^~~~~~~
%Warning-PINMISSING: /Users/refikyalcin/vlsi/digital/io-ring-demo/config/../src/top.v:15:30: Cell has missing pin: 'TIE_HI_ESD'
   15 |     sky130_fd_io__top_gpiov2 pad_clk   (.ENABLE_H(1'b1), .ENABLE_INP_H(1'b1), .PAD(), .vccd_h(vccd1), .vccd_l(vccd1), .vssd_h(vssd1), .vssd_l(vssd1), .vdda_h(vdda1), .vdda_l(vdda1), .vssa_h(vssa1), .vssa_l(vssa1));
      |                              ^~~~~~~
%Warning-PINMISSING: /Users/refikyalcin/vlsi/digital/io-ring-demo/config/../src/top.v:15:30: Cell has missing pin: 'TIE_LO_ESD'
   15 |     sky130_fd_io__top_gpiov2 pad_clk   (.ENABLE_H(1'b1), .ENABLE_INP_H(1'b1), .PAD(), .vccd_h(vccd1), .vccd_l(vccd1), .vssd_h(vssd1), .vssd_l(vssd1), .vdda_h(vdda1), .vdda_l(vdda1), .vssa_h(vssa1), .vssa_l(vssa1));
      |                              ^~~~~~~
%Warning-PINMISSING: /Users/refikyalcin/vlsi/digital/io-ring-demo/config/../src/top.v:15:30: Cell has missing pin: 'OUT'
   15 |     sky130_fd_io__top_gpiov2 pad_clk   (.ENABLE_H(1'b1), .ENABLE_INP_H(1'b1), .PAD(), .vccd_h(vccd1), .vccd_l(vccd1), .vssd_h(vssd1), .vssd_l(vssd1), .vdda_h(vdda1), .vdda_l(vdda1), .vssa_h(vssa1), .vssa_l(vssa1));
      |                              ^~~~~~~
%Warning-PINCONNECTEMPTY: /Users/refikyalcin/vlsi/digital/io-ring-demo/config/../src/top.v:16:80: Cell pin connected by name with empty reference: 'PAD'
   16 |     sky130_fd_io__top_gpiov2 pad_rst_n (.ENABLE_H(1'b1), .ENABLE_INP_H(1'b1), .PAD(), .vccd_h(vccd1), .vccd_l(vccd1), .vssd_h(vssd1), .vssd_l(vssd1), .vdda_h(vdda1), .vdda_l(vdda1), .vssa_h(vssa1), .vssa_l(vssa1));
      |                                                                                ^~~
%Warning-PINMISSING: /Users/refikyalcin/vlsi/digital/io-ring-demo/config/../src/top.v:16:30: Cell has missing pin: 'IN'
   16 |     sky130_fd_io__top_gpiov2 pad_rst_n (.ENABLE_H(1'b1), .ENABLE_INP_H(1'b1), .PAD(), .vccd_h(vccd1), .vccd_l(vccd1), .vssd_h(vssd1), .vssd_l(vssd1), .vdda_h(vdda1), .vdda_l(vdda1), .vssa_h(vssa1), .vssa_l(vssa1));
      |                              ^~~~~~~~~
%Warning-PINMISSING: /Users/refikyalcin/vlsi/digital/io-ring-demo/config/../src/top.v:16:30: Cell has missing pin: 'IN_H'
   16 |     sky130_fd_io__top_gpiov2 pad_rst_n (.ENABLE_H(1'b1), .ENABLE_INP_H(1'b1), .PAD(), .vccd_h(vccd1), .vccd_l(vccd1), .vssd_h(vssd1), .vssd_l(vssd1), .vdda_h(vdda1), .vdda_l(vdda1), .vssa_h(vssa1), .vssa_l(vssa1));
      |                              ^~~~~~~~~
%Warning-PINMISSING: /Users/refikyalcin/vlsi/digital/io-ring-demo/config/../src/top.v:16:30: Cell has missing pin: 'HOLD_H'
   16 |     sky130_fd_io__top_gpiov2 pad_rst_n (.ENABLE_H(1'b1), .ENABLE_INP_H(1'b1), .PAD(), .vccd_h(vccd1), .vccd_l(vccd1), .vssd_h(vssd1), .vssd_l(vssd1), .vdda_h(vdda1), .vdda_l(vdda1), .vssa_h(vssa1), .vssa_l(vssa1));
      |                              ^~~~~~~~~
%Warning-PINMISSING: /Users/refikyalcin/vlsi/digital/io-ring-demo/config/../src/top.v:16:30: Cell has missing pin: 'ENABLE_VDDA_H'
   16 |     sky130_fd_io__top_gpiov2 pad_rst_n (.ENABLE_H(1'b1), .ENABLE_INP_H(1'b1), .PAD(), .vccd_h(vccd1), .vccd_l(vccd1), .vssd_h(vssd1), .vssd_l(vssd1), .vdda_h(vdda1), .vdda_l(vdda1), .vssa_h(vssa1), .vssa_l(vssa1));
      |                              ^~~~~~~~~
%Warning-PINMISSING: /Users/refikyalcin/vlsi/digital/io-ring-demo/config/../src/top.v:16:30: Cell has missing pin: 'ENABLE_VSWITCH_H'
   16 |     sky130_fd_io__top_gpiov2 pad_rst_n (.ENABLE_H(1'b1), .ENABLE_INP_H(1'b1), .PAD(), .vccd_h(vccd1), .vccd_l(vccd1), .vssd_h(vssd1), .vssd_l(vssd1), .vdda_h(vdda1), .vdda_l(vdda1), .vssa_h(vssa1), .vssa_l(vssa1));
      |                              ^~~~~~~~~
%Warning-PINMISSING: /Users/refikyalcin/vlsi/digital/io-ring-demo/config/../src/top.v:16:30: Cell has missing pin: 'ENABLE_VDDIO'
   16 |     sky130_fd_io__top_gpiov2 pad_rst_n (.ENABLE_H(1'b1), .ENABLE_INP_H(1'b1), .PAD(), .vccd_h(vccd1), .vccd_l(vccd1), .vssd_h(vssd1), .vssd_l(vssd1), .vdda_h(vdda1), .vdda_l(vdda1), .vssa_h(vssa1), .vssa_l(vssa1));
      |                              ^~~~~~~~~
%Warning-PINMISSING: /Users/refikyalcin/vlsi/digital/io-ring-demo/config/../src/top.v:16:30: Cell has missing pin: 'TIE_HI_ESD'
   16 |     sky130_fd_io__top_gpiov2 pad_rst_n (.ENABLE_H(1'b1), .ENABLE_INP_H(1'b1), .PAD(), .vccd_h(vccd1), .vccd_l(vccd1), .vssd_h(vssd1), .vssd_l(vssd1), .vdda_h(vdda1), .vdda_l(vdda1), .vssa_h(vssa1), .vssa_l(vssa1));
      |                              ^~~~~~~~~
%Warning-PINMISSING: /Users/refikyalcin/vlsi/digital/io-ring-demo/config/../src/top.v:16:30: Cell has missing pin: 'TIE_LO_ESD'
   16 |     sky130_fd_io__top_gpiov2 pad_rst_n (.ENABLE_H(1'b1), .ENABLE_INP_H(1'b1), .PAD(), .vccd_h(vccd1), .vccd_l(vccd1), .vssd_h(vssd1), .vssd_l(vssd1), .vdda_h(vdda1), .vdda_l(vdda1), .vssa_h(vssa1), .vssa_l(vssa1));
      |                              ^~~~~~~~~
%Warning-PINMISSING: /Users/refikyalcin/vlsi/digital/io-ring-demo/config/../src/top.v:16:30: Cell has missing pin: 'OUT'
   16 |     sky130_fd_io__top_gpiov2 pad_rst_n (.ENABLE_H(1'b1), .ENABLE_INP_H(1'b1), .PAD(), .vccd_h(vccd1), .vccd_l(vccd1), .vssd_h(vssd1), .vssd_l(vssd1), .vdda_h(vdda1), .vdda_l(vdda1), .vssa_h(vssa1), .vssa_l(vssa1));
      |                              ^~~~~~~~~
%Warning-PINCONNECTEMPTY: /Users/refikyalcin/vlsi/digital/io-ring-demo/config/../src/top.v:29:18: Cell pin connected by name with empty reference: 'PAD'
   29 |                 .PAD(),  
      |                  ^~~
%Warning-PINMISSING: /Users/refikyalcin/vlsi/digital/io-ring-demo/config/../src/top.v:27:38: Cell has missing pin: 'IN'
   27 |             sky130_fd_io__top_gpiov2 pad_gpio_in (
      |                                      ^~~~~~~~~~~
%Warning-PINMISSING: /Users/refikyalcin/vlsi/digital/io-ring-demo/config/../src/top.v:27:38: Cell has missing pin: 'IN_H'
   27 |             sky130_fd_io__top_gpiov2 pad_gpio_in (
      |                                      ^~~~~~~~~~~
%Warning-PINMISSING: /Users/refikyalcin/vlsi/digital/io-ring-demo/config/../src/top.v:27:38: Cell has missing pin: 'HOLD_H'
   27 |             sky130_fd_io__top_gpiov2 pad_gpio_in (
      |                                      ^~~~~~~~~~~
%Warning-PINMISSING: /Users/refikyalcin/vlsi/digital/io-ring-demo/config/../src/top.v:27:38: Cell has missing pin: 'ENABLE_VDDA_H'
   27 |             sky130_fd_io__top_gpiov2 pad_gpio_in (
      |                                      ^~~~~~~~~~~
%Warning-PINMISSING: /Users/refikyalcin/vlsi/digital/io-ring-demo/config/../src/top.v:27:38: Cell has missing pin: 'ENABLE_VSWITCH_H'
   27 |             sky130_fd_io__top_gpiov2 pad_gpio_in (
      |                                      ^~~~~~~~~~~
%Warning-PINMISSING: /Users/refikyalcin/vlsi/digital/io-ring-demo/config/../src/top.v:27:38: Cell has missing pin: 'ENABLE_VDDIO'
   27 |             sky130_fd_io__top_gpiov2 pad_gpio_in (
      |                                      ^~~~~~~~~~~
%Warning-PINMISSING: /Users/refikyalcin/vlsi/digital/io-ring-demo/config/../src/top.v:27:38: Cell has missing pin: 'TIE_HI_ESD'
   27 |             sky130_fd_io__top_gpiov2 pad_gpio_in (
      |                                      ^~~~~~~~~~~
%Warning-PINMISSING: /Users/refikyalcin/vlsi/digital/io-ring-demo/config/../src/top.v:27:38: Cell has missing pin: 'TIE_LO_ESD'
   27 |             sky130_fd_io__top_gpiov2 pad_gpio_in (
      |                                      ^~~~~~~~~~~
%Warning-PINMISSING: /Users/refikyalcin/vlsi/digital/io-ring-demo/config/../src/top.v:27:38: Cell has missing pin: 'OUT'
   27 |             sky130_fd_io__top_gpiov2 pad_gpio_in (
      |                                      ^~~~~~~~~~~
%Warning-PINCONNECTEMPTY: /Users/refikyalcin/vlsi/digital/io-ring-demo/config/../src/top.v:40:18: Cell pin connected by name with empty reference: 'PAD'
   40 |                 .PAD(), 
      |                  ^~~
%Warning-PINMISSING: /Users/refikyalcin/vlsi/digital/io-ring-demo/config/../src/top.v:38:38: Cell has missing pin: 'IN'
   38 |             sky130_fd_io__top_gpiov2 pad_gpio_out (
      |                                      ^~~~~~~~~~~~
%Warning-PINMISSING: /Users/refikyalcin/vlsi/digital/io-ring-demo/config/../src/top.v:38:38: Cell has missing pin: 'IN_H'
   38 |             sky130_fd_io__top_gpiov2 pad_gpio_out (
      |                                      ^~~~~~~~~~~~
%Warning-PINMISSING: /Users/refikyalcin/vlsi/digital/io-ring-demo/config/../src/top.v:38:38: Cell has missing pin: 'HOLD_H'
   38 |             sky130_fd_io__top_gpiov2 pad_gpio_out (
      |                                      ^~~~~~~~~~~~
%Warning-PINMISSING: /Users/refikyalcin/vlsi/digital/io-ring-demo/config/../src/top.v:38:38: Cell has missing pin: 'ENABLE_VDDA_H'
   38 |             sky130_fd_io__top_gpiov2 pad_gpio_out (
      |                                      ^~~~~~~~~~~~
%Warning-PINMISSING: /Users/refikyalcin/vlsi/digital/io-ring-demo/config/../src/top.v:38:38: Cell has missing pin: 'ENABLE_VSWITCH_H'
   38 |             sky130_fd_io__top_gpiov2 pad_gpio_out (
      |                                      ^~~~~~~~~~~~
%Warning-PINMISSING: /Users/refikyalcin/vlsi/digital/io-ring-demo/config/../src/top.v:38:38: Cell has missing pin: 'ENABLE_VDDIO'
   38 |             sky130_fd_io__top_gpiov2 pad_gpio_out (
      |                                      ^~~~~~~~~~~~
%Warning-PINMISSING: /Users/refikyalcin/vlsi/digital/io-ring-demo/config/../src/top.v:38:38: Cell has missing pin: 'TIE_HI_ESD'
   38 |             sky130_fd_io__top_gpiov2 pad_gpio_out (
      |                                      ^~~~~~~~~~~~
%Warning-PINMISSING: /Users/refikyalcin/vlsi/digital/io-ring-demo/config/../src/top.v:38:38: Cell has missing pin: 'TIE_LO_ESD'
   38 |             sky130_fd_io__top_gpiov2 pad_gpio_out (
      |                                      ^~~~~~~~~~~~
%Warning-PINMISSING: /Users/refikyalcin/vlsi/digital/io-ring-demo/config/../src/top.v:38:38: Cell has missing pin: 'OUT'
   38 |             sky130_fd_io__top_gpiov2 pad_gpio_out (
      |                                      ^~~~~~~~~~~~
%Warning-PINCONNECTEMPTY: /Users/refikyalcin/vlsi/digital/io-ring-demo/config/../src/top.v:51:18: Cell pin connected by name with empty reference: 'PAD'
   51 |                 .PAD(), 
      |                  ^~~
%Warning-PINMISSING: /Users/refikyalcin/vlsi/digital/io-ring-demo/config/../src/top.v:49:38: Cell has missing pin: 'IN'
   49 |             sky130_fd_io__top_gpiov2 pad_analog (
      |                                      ^~~~~~~~~~
%Warning-PINMISSING: /Users/refikyalcin/vlsi/digital/io-ring-demo/config/../src/top.v:49:38: Cell has missing pin: 'IN_H'
   49 |             sky130_fd_io__top_gpiov2 pad_analog (
      |                                      ^~~~~~~~~~
%Warning-PINMISSING: /Users/refikyalcin/vlsi/digital/io-ring-demo/config/../src/top.v:49:38: Cell has missing pin: 'HOLD_H'
   49 |             sky130_fd_io__top_gpiov2 pad_analog (
      |                                      ^~~~~~~~~~
%Warning-PINMISSING: /Users/refikyalcin/vlsi/digital/io-ring-demo/config/../src/top.v:49:38: Cell has missing pin: 'ENABLE_VDDA_H'
   49 |             sky130_fd_io__top_gpiov2 pad_analog (
      |                                      ^~~~~~~~~~
%Warning-PINMISSING: /Users/refikyalcin/vlsi/digital/io-ring-demo/config/../src/top.v:49:38: Cell has missing pin: 'ENABLE_VSWITCH_H'
   49 |             sky130_fd_io__top_gpiov2 pad_analog (
      |                                      ^~~~~~~~~~
%Warning-PINMISSING: /Users/refikyalcin/vlsi/digital/io-ring-demo/config/../src/top.v:49:38: Cell has missing pin: 'ENABLE_VDDIO'
   49 |             sky130_fd_io__top_gpiov2 pad_analog (
      |                                      ^~~~~~~~~~
%Warning-PINMISSING: /Users/refikyalcin/vlsi/digital/io-ring-demo/config/../src/top.v:49:38: Cell has missing pin: 'TIE_HI_ESD'
   49 |             sky130_fd_io__top_gpiov2 pad_analog (
      |                                      ^~~~~~~~~~
%Warning-PINMISSING: /Users/refikyalcin/vlsi/digital/io-ring-demo/config/../src/top.v:49:38: Cell has missing pin: 'TIE_LO_ESD'
   49 |             sky130_fd_io__top_gpiov2 pad_analog (
      |                                      ^~~~~~~~~~
%Warning-PINMISSING: /Users/refikyalcin/vlsi/digital/io-ring-demo/config/../src/top.v:49:38: Cell has missing pin: 'OUT'
   49 |             sky130_fd_io__top_gpiov2 pad_analog (
      |                                      ^~~~~~~~~~
%Warning-UNDRIVEN: /Users/refikyalcin/vlsi/digital/io-ring-demo/config/../src/stubs.v:32:12: Signal is not driven: 'IN'
                                                                                           : ... note: In instance 'top.gen_west_pads[7].pad_analog'
   32 |     output IN,
      |            ^~
%Warning-UNDRIVEN: /Users/refikyalcin/vlsi/digital/io-ring-demo/config/../src/stubs.v:33:12: Signal is not driven: 'IN_H'
                                                                                           : ... note: In instance 'top.gen_west_pads[7].pad_analog'
   33 |     output IN_H,
      |            ^~~~
%Warning-UNUSEDSIGNAL: /Users/refikyalcin/vlsi/digital/io-ring-demo/config/../src/stubs.v:34:12: Signal is not used: 'HOLD_H'
                                                                                               : ... note: In instance 'top.gen_west_pads[7].pad_analog'
   34 |     input  HOLD_H,
      |            ^~~~~~
%Warning-UNUSEDSIGNAL: /Users/refikyalcin/vlsi/digital/io-ring-demo/config/../src/stubs.v:35:12: Signal is not used: 'ENABLE_H'
                                                                                               : ... note: In instance 'top.gen_west_pads[7].pad_analog'
   35 |     input  ENABLE_H,
      |            ^~~~~~~~
%Warning-UNUSEDSIGNAL: /Users/refikyalcin/vlsi/digital/io-ring-demo/config/../src/stubs.v:36:12: Signal is not used: 'ENABLE_INP_H'
                                                                                               : ... note: In instance 'top.gen_west_pads[7].pad_analog'
   36 |     input  ENABLE_INP_H,
      |            ^~~~~~~~~~~~
%Warning-UNUSEDSIGNAL: /Users/refikyalcin/vlsi/digital/io-ring-demo/config/../src/stubs.v:37:12: Signal is not used: 'ENABLE_VDDA_H'
                                                                                               : ... note: In instance 'top.gen_west_pads[7].pad_analog'
   37 |     input  ENABLE_VDDA_H,
      |            ^~~~~~~~~~~~~
%Warning-UNUSEDSIGNAL: /Users/refikyalcin/vlsi/digital/io-ring-demo/config/../src/stubs.v:38:12: Signal is not used: 'ENABLE_VSWITCH_H'
                                                                                               : ... note: In instance 'top.gen_west_pads[7].pad_analog'
   38 |     input  ENABLE_VSWITCH_H,
      |            ^~~~~~~~~~~~~~~~
%Warning-UNUSEDSIGNAL: /Users/refikyalcin/vlsi/digital/io-ring-demo/config/../src/stubs.v:39:12: Signal is not used: 'ENABLE_VDDIO'
                                                                                               : ... note: In instance 'top.gen_west_pads[7].pad_analog'
   39 |     input  ENABLE_VDDIO,
      |            ^~~~~~~~~~~~
%Warning-UNDRIVEN: /Users/refikyalcin/vlsi/digital/io-ring-demo/config/../src/stubs.v:40:12: Signal is not driven: 'TIE_HI_ESD'
                                                                                           : ... note: In instance 'top.gen_west_pads[7].pad_analog'
   40 |     output TIE_HI_ESD,
      |            ^~~~~~~~~~
%Warning-UNDRIVEN: /Users/refikyalcin/vlsi/digital/io-ring-demo/config/../src/stubs.v:41:12: Signal is not driven: 'TIE_LO_ESD'
                                                                                           : ... note: In instance 'top.gen_west_pads[7].pad_analog'
   41 |     output TIE_LO_ESD,
      |            ^~~~~~~~~~
%Warning-UNDRIVEN: /Users/refikyalcin/vlsi/digital/io-ring-demo/config/../src/stubs.v:43:12: Signal is not driven: 'OUT'
                                                                                           : ... note: In instance 'top.gen_west_pads[7].pad_analog'
   43 |     output OUT,  
      |            ^~~
