
===========================================================================
report_checks -unconstrained
===========================================================================
======================= nom_tt_025C_1v80 Corner ===================================

No paths found.


===========================================================================
report_checks --slack_max -0.01
============================================================================
======================= nom_tt_025C_1v80 Corner ===================================

No paths found.


===========================================================================
 report_check_types -max_slew -max_cap -max_fanout -violators
============================================================================
======================= nom_tt_025C_1v80 Corner ===================================



===========================================================================
report_parasitic_annotation -report_unannotated
============================================================================
Found 332 unannotated drivers.
 vdda1
 vssa1
 gen_east_pads\[0\].pad_gpio_in/AMUXBUS_A
 gen_east_pads\[0\].pad_gpio_in/AMUXBUS_B
 gen_east_pads\[0\].pad_gpio_in/IN
 gen_east_pads\[0\].pad_gpio_in/IN_H
 gen_east_pads\[0\].pad_gpio_in/PAD
 gen_east_pads\[0\].pad_gpio_in/PAD_A_ESD_0_H
 gen_east_pads\[0\].pad_gpio_in/PAD_A_ESD_1_H
 gen_east_pads\[0\].pad_gpio_in/PAD_A_NOESD_H
 gen_east_pads\[0\].pad_gpio_in/TIE_HI_ESD
 gen_east_pads\[0\].pad_gpio_in/TIE_LO_ESD
 gen_east_pads\[0\].pad_gpio_in_44/LO
 gen_east_pads\[0\].pad_gpio_in_45/LO
 gen_east_pads\[1\].pad_gpio_in/AMUXBUS_A
 gen_east_pads\[1\].pad_gpio_in/AMUXBUS_B
 gen_east_pads\[1\].pad_gpio_in/IN
 gen_east_pads\[1\].pad_gpio_in/IN_H
 gen_east_pads\[1\].pad_gpio_in/PAD
 gen_east_pads\[1\].pad_gpio_in/PAD_A_ESD_0_H
 gen_east_pads\[1\].pad_gpio_in/PAD_A_ESD_1_H
 gen_east_pads\[1\].pad_gpio_in/PAD_A_NOESD_H
 gen_east_pads\[1\].pad_gpio_in/TIE_HI_ESD
 gen_east_pads\[1\].pad_gpio_in/TIE_LO_ESD
 gen_east_pads\[1\].pad_gpio_in_46/LO
 gen_east_pads\[1\].pad_gpio_in_47/LO
 gen_east_pads\[2\].pad_gpio_in/AMUXBUS_A
 gen_east_pads\[2\].pad_gpio_in/AMUXBUS_B
 gen_east_pads\[2\].pad_gpio_in/IN
 gen_east_pads\[2\].pad_gpio_in/IN_H
 gen_east_pads\[2\].pad_gpio_in/PAD
 gen_east_pads\[2\].pad_gpio_in/PAD_A_ESD_0_H
 gen_east_pads\[2\].pad_gpio_in/PAD_A_ESD_1_H
 gen_east_pads\[2\].pad_gpio_in/PAD_A_NOESD_H
 gen_east_pads\[2\].pad_gpio_in/TIE_HI_ESD
 gen_east_pads\[2\].pad_gpio_in/TIE_LO_ESD
 gen_east_pads\[2\].pad_gpio_in_48/LO
 gen_east_pads\[2\].pad_gpio_in_49/LO
 gen_east_pads\[3\].pad_gpio_in/AMUXBUS_A
 gen_east_pads\[3\].pad_gpio_in/AMUXBUS_B
 gen_east_pads\[3\].pad_gpio_in/IN
 gen_east_pads\[3\].pad_gpio_in/IN_H
 gen_east_pads\[3\].pad_gpio_in/PAD
 gen_east_pads\[3\].pad_gpio_in/PAD_A_ESD_0_H
 gen_east_pads\[3\].pad_gpio_in/PAD_A_ESD_1_H
 gen_east_pads\[3\].pad_gpio_in/PAD_A_NOESD_H
 gen_east_pads\[3\].pad_gpio_in/TIE_HI_ESD
 gen_east_pads\[3\].pad_gpio_in/TIE_LO_ESD
 gen_east_pads\[3\].pad_gpio_in_50/LO
 gen_east_pads\[3\].pad_gpio_in_51/LO
 gen_east_pads\[4\].pad_gpio_in/AMUXBUS_A
 gen_east_pads\[4\].pad_gpio_in/AMUXBUS_B
 gen_east_pads\[4\].pad_gpio_in/IN
 gen_east_pads\[4\].pad_gpio_in/IN_H
 gen_east_pads\[4\].pad_gpio_in/PAD
 gen_east_pads\[4\].pad_gpio_in/PAD_A_ESD_0_H
 gen_east_pads\[4\].pad_gpio_in/PAD_A_ESD_1_H
 gen_east_pads\[4\].pad_gpio_in/PAD_A_NOESD_H
 gen_east_pads\[4\].pad_gpio_in/TIE_HI_ESD
 gen_east_pads\[4\].pad_gpio_in/TIE_LO_ESD
 gen_east_pads\[4\].pad_gpio_in_25/LO
 gen_east_pads\[4\].pad_gpio_in_52/LO
 gen_east_pads\[5\].pad_gpio_in/AMUXBUS_A
 gen_east_pads\[5\].pad_gpio_in/AMUXBUS_B
 gen_east_pads\[5\].pad_gpio_in/IN
 gen_east_pads\[5\].pad_gpio_in/IN_H
 gen_east_pads\[5\].pad_gpio_in/PAD
 gen_east_pads\[5\].pad_gpio_in/PAD_A_ESD_0_H
 gen_east_pads\[5\].pad_gpio_in/PAD_A_ESD_1_H
 gen_east_pads\[5\].pad_gpio_in/PAD_A_NOESD_H
 gen_east_pads\[5\].pad_gpio_in/TIE_HI_ESD
 gen_east_pads\[5\].pad_gpio_in/TIE_LO_ESD
 gen_east_pads\[5\].pad_gpio_in_26/LO
 gen_east_pads\[5\].pad_gpio_in_27/LO
 gen_east_pads\[6\].pad_gpio_in/AMUXBUS_A
 gen_east_pads\[6\].pad_gpio_in/AMUXBUS_B
 gen_east_pads\[6\].pad_gpio_in/IN
 gen_east_pads\[6\].pad_gpio_in/IN_H
 gen_east_pads\[6\].pad_gpio_in/PAD
 gen_east_pads\[6\].pad_gpio_in/PAD_A_ESD_0_H
 gen_east_pads\[6\].pad_gpio_in/PAD_A_ESD_1_H
 gen_east_pads\[6\].pad_gpio_in/PAD_A_NOESD_H
 gen_east_pads\[6\].pad_gpio_in/TIE_HI_ESD
 gen_east_pads\[6\].pad_gpio_in/TIE_LO_ESD
 gen_east_pads\[6\].pad_gpio_in_28/LO
 gen_east_pads\[6\].pad_gpio_in_29/LO
 gen_east_pads\[7\].pad_gpio_in/AMUXBUS_A
 gen_east_pads\[7\].pad_gpio_in/AMUXBUS_B
 gen_east_pads\[7\].pad_gpio_in/IN
 gen_east_pads\[7\].pad_gpio_in/IN_H
 gen_east_pads\[7\].pad_gpio_in/PAD
 gen_east_pads\[7\].pad_gpio_in/PAD_A_ESD_0_H
 gen_east_pads\[7\].pad_gpio_in/PAD_A_ESD_1_H
 gen_east_pads\[7\].pad_gpio_in/PAD_A_NOESD_H
 gen_east_pads\[7\].pad_gpio_in/TIE_HI_ESD
 gen_east_pads\[7\].pad_gpio_in/TIE_LO_ESD
 gen_east_pads\[7\].pad_gpio_in_30/LO
 gen_east_pads\[7\].pad_gpio_in_31/LO
 gen_south_pads\[0\].pad_gpio_out/AMUXBUS_A
 gen_south_pads\[0\].pad_gpio_out/AMUXBUS_B
 gen_south_pads\[0\].pad_gpio_out/IN
 gen_south_pads\[0\].pad_gpio_out/IN_H
 gen_south_pads\[0\].pad_gpio_out/PAD
 gen_south_pads\[0\].pad_gpio_out/PAD_A_ESD_0_H
 gen_south_pads\[0\].pad_gpio_out/PAD_A_ESD_1_H
 gen_south_pads\[0\].pad_gpio_out/PAD_A_NOESD_H
 gen_south_pads\[0\].pad_gpio_out/TIE_HI_ESD
 gen_south_pads\[0\].pad_gpio_out/TIE_LO_ESD
 gen_south_pads\[0\].pad_gpio_out_1/HI
 gen_south_pads\[0\].pad_gpio_out_32/LO
 gen_south_pads\[1\].pad_gpio_out/AMUXBUS_A
 gen_south_pads\[1\].pad_gpio_out/AMUXBUS_B
 gen_south_pads\[1\].pad_gpio_out/IN
 gen_south_pads\[1\].pad_gpio_out/IN_H
 gen_south_pads\[1\].pad_gpio_out/PAD
 gen_south_pads\[1\].pad_gpio_out/PAD_A_ESD_0_H
 gen_south_pads\[1\].pad_gpio_out/PAD_A_ESD_1_H
 gen_south_pads\[1\].pad_gpio_out/PAD_A_NOESD_H
 gen_south_pads\[1\].pad_gpio_out/TIE_HI_ESD
 gen_south_pads\[1\].pad_gpio_out/TIE_LO_ESD
 gen_south_pads\[1\].pad_gpio_out_2/HI
 gen_south_pads\[1\].pad_gpio_out_33/LO
 gen_south_pads\[2\].pad_gpio_out/AMUXBUS_A
 gen_south_pads\[2\].pad_gpio_out/AMUXBUS_B
 gen_south_pads\[2\].pad_gpio_out/IN
 gen_south_pads\[2\].pad_gpio_out/IN_H
 gen_south_pads\[2\].pad_gpio_out/PAD
 gen_south_pads\[2\].pad_gpio_out/PAD_A_ESD_0_H
 gen_south_pads\[2\].pad_gpio_out/PAD_A_ESD_1_H
 gen_south_pads\[2\].pad_gpio_out/PAD_A_NOESD_H
 gen_south_pads\[2\].pad_gpio_out/TIE_HI_ESD
 gen_south_pads\[2\].pad_gpio_out/TIE_LO_ESD
 gen_south_pads\[2\].pad_gpio_out_3/HI
 gen_south_pads\[2\].pad_gpio_out_34/LO
 gen_south_pads\[3\].pad_gpio_out/AMUXBUS_A
 gen_south_pads\[3\].pad_gpio_out/AMUXBUS_B
 gen_south_pads\[3\].pad_gpio_out/IN
 gen_south_pads\[3\].pad_gpio_out/IN_H
 gen_south_pads\[3\].pad_gpio_out/PAD
 gen_south_pads\[3\].pad_gpio_out/PAD_A_ESD_0_H
 gen_south_pads\[3\].pad_gpio_out/PAD_A_ESD_1_H
 gen_south_pads\[3\].pad_gpio_out/PAD_A_NOESD_H
 gen_south_pads\[3\].pad_gpio_out/TIE_HI_ESD
 gen_south_pads\[3\].pad_gpio_out/TIE_LO_ESD
 gen_south_pads\[3\].pad_gpio_out_35/LO
 gen_south_pads\[3\].pad_gpio_out_4/HI
 gen_south_pads\[4\].pad_gpio_out/AMUXBUS_A
 gen_south_pads\[4\].pad_gpio_out/AMUXBUS_B
 gen_south_pads\[4\].pad_gpio_out/IN
 gen_south_pads\[4\].pad_gpio_out/IN_H
 gen_south_pads\[4\].pad_gpio_out/PAD
 gen_south_pads\[4\].pad_gpio_out/PAD_A_ESD_0_H
 gen_south_pads\[4\].pad_gpio_out/PAD_A_ESD_1_H
 gen_south_pads\[4\].pad_gpio_out/PAD_A_NOESD_H
 gen_south_pads\[4\].pad_gpio_out/TIE_HI_ESD
 gen_south_pads\[4\].pad_gpio_out/TIE_LO_ESD
 gen_south_pads\[4\].pad_gpio_out_36/LO
 gen_south_pads\[4\].pad_gpio_out_5/HI
 gen_south_pads\[5\].pad_gpio_out/AMUXBUS_A
 gen_south_pads\[5\].pad_gpio_out/AMUXBUS_B
 gen_south_pads\[5\].pad_gpio_out/IN
 gen_south_pads\[5\].pad_gpio_out/IN_H
 gen_south_pads\[5\].pad_gpio_out/PAD
 gen_south_pads\[5\].pad_gpio_out/PAD_A_ESD_0_H
 gen_south_pads\[5\].pad_gpio_out/PAD_A_ESD_1_H
 gen_south_pads\[5\].pad_gpio_out/PAD_A_NOESD_H
 gen_south_pads\[5\].pad_gpio_out/TIE_HI_ESD
 gen_south_pads\[5\].pad_gpio_out/TIE_LO_ESD
 gen_south_pads\[5\].pad_gpio_out_37/LO
 gen_south_pads\[5\].pad_gpio_out_6/HI
 gen_south_pads\[6\].pad_gpio_out/AMUXBUS_A
 gen_south_pads\[6\].pad_gpio_out/AMUXBUS_B
 gen_south_pads\[6\].pad_gpio_out/IN
 gen_south_pads\[6\].pad_gpio_out/IN_H
 gen_south_pads\[6\].pad_gpio_out/PAD
 gen_south_pads\[6\].pad_gpio_out/PAD_A_ESD_0_H
 gen_south_pads\[6\].pad_gpio_out/PAD_A_ESD_1_H
 gen_south_pads\[6\].pad_gpio_out/PAD_A_NOESD_H
 gen_south_pads\[6\].pad_gpio_out/TIE_HI_ESD
 gen_south_pads\[6\].pad_gpio_out/TIE_LO_ESD
 gen_south_pads\[6\].pad_gpio_out_38/LO
 gen_south_pads\[6\].pad_gpio_out_7/HI
 gen_south_pads\[7\].pad_gpio_out/AMUXBUS_A
 gen_south_pads\[7\].pad_gpio_out/AMUXBUS_B
 gen_south_pads\[7\].pad_gpio_out/IN
 gen_south_pads\[7\].pad_gpio_out/IN_H
 gen_south_pads\[7\].pad_gpio_out/PAD
 gen_south_pads\[7\].pad_gpio_out/PAD_A_ESD_0_H
 gen_south_pads\[7\].pad_gpio_out/PAD_A_ESD_1_H
 gen_south_pads\[7\].pad_gpio_out/PAD_A_NOESD_H
 gen_south_pads\[7\].pad_gpio_out/TIE_HI_ESD
 gen_south_pads\[7\].pad_gpio_out/TIE_LO_ESD
 gen_south_pads\[7\].pad_gpio_out_39/LO
 gen_south_pads\[7\].pad_gpio_out_8/HI
 gen_west_pads\[0\].pad_analog/AMUXBUS_A
 gen_west_pads\[0\].pad_analog/AMUXBUS_B
 gen_west_pads\[0\].pad_analog/IN
 gen_west_pads\[0\].pad_analog/IN_H
 gen_west_pads\[0\].pad_analog/PAD
 gen_west_pads\[0\].pad_analog/PAD_A_ESD_0_H
 gen_west_pads\[0\].pad_analog/PAD_A_ESD_1_H
 gen_west_pads\[0\].pad_analog/PAD_A_NOESD_H
 gen_west_pads\[0\].pad_analog/TIE_HI_ESD
 gen_west_pads\[0\].pad_analog/TIE_LO_ESD
 gen_west_pads\[0\].pad_analog_10/HI
 gen_west_pads\[0\].pad_analog_9/HI
 gen_west_pads\[1\].pad_analog/AMUXBUS_A
 gen_west_pads\[1\].pad_analog/AMUXBUS_B
 gen_west_pads\[1\].pad_analog/IN
 gen_west_pads\[1\].pad_analog/IN_H
 gen_west_pads\[1\].pad_analog/PAD
 gen_west_pads\[1\].pad_analog/PAD_A_ESD_0_H
 gen_west_pads\[1\].pad_analog/PAD_A_ESD_1_H
 gen_west_pads\[1\].pad_analog/PAD_A_NOESD_H
 gen_west_pads\[1\].pad_analog/TIE_HI_ESD
 gen_west_pads\[1\].pad_analog/TIE_LO_ESD
 gen_west_pads\[1\].pad_analog_11/HI
 gen_west_pads\[1\].pad_analog_12/HI
 gen_west_pads\[2\].pad_analog/AMUXBUS_A
 gen_west_pads\[2\].pad_analog/AMUXBUS_B
 gen_west_pads\[2\].pad_analog/IN
 gen_west_pads\[2\].pad_analog/IN_H
 gen_west_pads\[2\].pad_analog/PAD
 gen_west_pads\[2\].pad_analog/PAD_A_ESD_0_H
 gen_west_pads\[2\].pad_analog/PAD_A_ESD_1_H
 gen_west_pads\[2\].pad_analog/PAD_A_NOESD_H
 gen_west_pads\[2\].pad_analog/TIE_HI_ESD
 gen_west_pads\[2\].pad_analog/TIE_LO_ESD
 gen_west_pads\[2\].pad_analog_13/HI
 gen_west_pads\[2\].pad_analog_14/HI
 gen_west_pads\[3\].pad_analog/AMUXBUS_A
 gen_west_pads\[3\].pad_analog/AMUXBUS_B
 gen_west_pads\[3\].pad_analog/IN
 gen_west_pads\[3\].pad_analog/IN_H
 gen_west_pads\[3\].pad_analog/PAD
 gen_west_pads\[3\].pad_analog/PAD_A_ESD_0_H
 gen_west_pads\[3\].pad_analog/PAD_A_ESD_1_H
 gen_west_pads\[3\].pad_analog/PAD_A_NOESD_H
 gen_west_pads\[3\].pad_analog/TIE_HI_ESD
 gen_west_pads\[3\].pad_analog/TIE_LO_ESD
 gen_west_pads\[3\].pad_analog_15/HI
 gen_west_pads\[3\].pad_analog_16/HI
 gen_west_pads\[4\].pad_analog/AMUXBUS_A
 gen_west_pads\[4\].pad_analog/AMUXBUS_B
 gen_west_pads\[4\].pad_analog/IN
 gen_west_pads\[4\].pad_analog/IN_H
 gen_west_pads\[4\].pad_analog/PAD
 gen_west_pads\[4\].pad_analog/PAD_A_ESD_0_H
 gen_west_pads\[4\].pad_analog/PAD_A_ESD_1_H
 gen_west_pads\[4\].pad_analog/PAD_A_NOESD_H
 gen_west_pads\[4\].pad_analog/TIE_HI_ESD
 gen_west_pads\[4\].pad_analog/TIE_LO_ESD
 gen_west_pads\[4\].pad_analog_17/HI
 gen_west_pads\[4\].pad_analog_18/HI
 gen_west_pads\[5\].pad_analog/AMUXBUS_A
 gen_west_pads\[5\].pad_analog/AMUXBUS_B
 gen_west_pads\[5\].pad_analog/IN
 gen_west_pads\[5\].pad_analog/IN_H
 gen_west_pads\[5\].pad_analog/PAD
 gen_west_pads\[5\].pad_analog/PAD_A_ESD_0_H
 gen_west_pads\[5\].pad_analog/PAD_A_ESD_1_H
 gen_west_pads\[5\].pad_analog/PAD_A_NOESD_H
 gen_west_pads\[5\].pad_analog/TIE_HI_ESD
 gen_west_pads\[5\].pad_analog/TIE_LO_ESD
 gen_west_pads\[5\].pad_analog_19/HI
 gen_west_pads\[5\].pad_analog_20/HI
 gen_west_pads\[6\].pad_analog/AMUXBUS_A
 gen_west_pads\[6\].pad_analog/AMUXBUS_B
 gen_west_pads\[6\].pad_analog/IN
 gen_west_pads\[6\].pad_analog/IN_H
 gen_west_pads\[6\].pad_analog/PAD
 gen_west_pads\[6\].pad_analog/PAD_A_ESD_0_H
 gen_west_pads\[6\].pad_analog/PAD_A_ESD_1_H
 gen_west_pads\[6\].pad_analog/PAD_A_NOESD_H
 gen_west_pads\[6\].pad_analog/TIE_HI_ESD
 gen_west_pads\[6\].pad_analog/TIE_LO_ESD
 gen_west_pads\[6\].pad_analog_21/HI
 gen_west_pads\[6\].pad_analog_22/HI
 gen_west_pads\[7\].pad_analog/AMUXBUS_A
 gen_west_pads\[7\].pad_analog/AMUXBUS_B
 gen_west_pads\[7\].pad_analog/IN
 gen_west_pads\[7\].pad_analog/IN_H
 gen_west_pads\[7\].pad_analog/PAD
 gen_west_pads\[7\].pad_analog/PAD_A_ESD_0_H
 gen_west_pads\[7\].pad_analog/PAD_A_ESD_1_H
 gen_west_pads\[7\].pad_analog/PAD_A_NOESD_H
 gen_west_pads\[7\].pad_analog/TIE_HI_ESD
 gen_west_pads\[7\].pad_analog/TIE_LO_ESD
 gen_west_pads\[7\].pad_analog_23/HI
 gen_west_pads\[7\].pad_analog_24/HI
 pad_clk/AMUXBUS_A
 pad_clk/AMUXBUS_B
 pad_clk/IN
 pad_clk/IN_H
 pad_clk/PAD
 pad_clk/PAD_A_ESD_0_H
 pad_clk/PAD_A_ESD_1_H
 pad_clk/PAD_A_NOESD_H
 pad_clk/TIE_HI_ESD
 pad_clk/TIE_LO_ESD
 pad_clk_40/LO
 pad_clk_41/LO
 pad_rst_n/AMUXBUS_A
 pad_rst_n/AMUXBUS_B
 pad_rst_n/IN
 pad_rst_n/IN_H
 pad_rst_n/PAD
 pad_rst_n/PAD_A_ESD_0_H
 pad_rst_n/PAD_A_ESD_1_H
 pad_rst_n/PAD_A_NOESD_H
 pad_rst_n/TIE_HI_ESD
 pad_rst_n/TIE_LO_ESD
 pad_rst_n_42/LO
 pad_rst_n_43/LO
 pad_vccd_aux/AMUXBUS_A
 pad_vccd_aux/AMUXBUS_B
 pad_vccd_aux/P_PAD
 pad_vccd_main/AMUXBUS_A
 pad_vccd_main/AMUXBUS_B
 pad_vccd_main/P_PAD
 pad_vdda_main/AMUXBUS_A
 pad_vdda_main/AMUXBUS_B
 pad_vdda_main/P_PAD
 pad_vssa_main/AMUXBUS_A
 pad_vssa_main/AMUXBUS_B
 pad_vssa_main/G_PAD
 pad_vssd_aux/AMUXBUS_A
 pad_vssd_aux/AMUXBUS_B
 pad_vssd_aux/G_PAD
 pad_vssd_main/AMUXBUS_A
 pad_vssd_main/AMUXBUS_B
 pad_vssd_main/G_PAD
Found 0 partially unannotated drivers.

===========================================================================
max slew violation count 0
Writing metric design__max_slew_violation__count__corner:nom_tt_025C_1v80: 0
max fanout violation count 0
Writing metric design__max_fanout_violation__count__corner:nom_tt_025C_1v80: 0
max cap violation count 0
Writing metric design__max_cap_violation__count__corner:nom_tt_025C_1v80: 0
============================================================================

===========================================================================
check_setup -verbose -unconstrained_endpoints -multiple_clock -no_clock -no_input_delay -loops -generated_clocks
===========================================================================
Warning: There are 2 unconstrained endpoints.
  vdda1
  vssa1
