Reading OpenROAD database at '/Users/refikyalcin/vlsi/digital/io-ring-demo/config/runs/run_1/72-openroad-generatepdn/top.odb'…
Reading library file at '/Users/refikyalcin/.ciel/ciel/sky130/versions/0fe599b2afb6708d281543108caf8310912f54af/sky130A/libs.ref/sky130_fd_sc_hd/lib/sky130_fd_sc_hd__tt_025C_1v80.lib'…
Reading design constraints file at '/nix/store/7x1qis8my0i44w1lx1yq2wiwh6yc774i-python3-3.11.9-env/lib/python3.11/site-packages/librelane/scripts/base.sdc'…
[WARNING STA-0366] port 'clk' not found.
[INFO] Using clock clk…
[INFO] Setting output delay to: 2.0
[INFO] Setting input delay to: 2.0
[WARNING STA-0366] port 'clk' not found.
[INFO] Setting load to: 0.033442
[INFO] Setting clock uncertainty to: 0.25
[INFO] Setting clock transition to: 0.1499999999999999944488848768742172978818416595458984375
[WARNING STA-0419] transition time can not be specified for virtual clocks.
[INFO] Setting timing derate to: 5%
[WARNING STA-0450] virtual clock clk can not be propagated.
+ global_placement -density 0.3 -skip_io -pad_right 0 -pad_left 0 -init_wirelength_coef 0.25
[INFO GPL-0002] DBU: 1000
[INFO GPL-0003] SiteSize: (  0.460  2.720 ) um
[INFO GPL-0004] CoreBBox: (  5.520 10.880 ) ( 994.060 987.360 ) um
[INFO GPL-0006] NumInstances:             14488
[INFO GPL-0007] NumPlaceInstances:           52
[INFO GPL-0008] NumFixedInstances:        14436
[INFO GPL-0009] NumDummyInstances:            0
[INFO GPL-0010] NumNets:                     54
[INFO GPL-0011] NumPins:                    104
[INFO GPL-0012] DieBBox:  (  0.000  0.000 ) ( 1000.000 1000.000 ) um
[INFO GPL-0013] CoreBBox: (  5.520 10.880 ) ( 994.060 987.360 ) um
[INFO GPL-0016] CoreArea:            965289.539 um^2
[INFO GPL-0017] NonPlaceInstsArea:    19859.046 um^2
[INFO GPL-0018] PlaceInstsArea:         195.187 um^2
[INFO GPL-0019] Util:                     0.021 %
[INFO GPL-0020] StdInstsArea:           195.187 um^2
[INFO GPL-0021] MacroInstsArea:           0.000 um^2
[INFO GPL-0031] FillerInit:NumGCells:     75561
[INFO GPL-0032] FillerInit:NumGNets:         54
[INFO GPL-0033] FillerInit:NumGPins:        104
[INFO GPL-0023] TargetDensity:            0.300
[INFO GPL-0024] AvrgPlaceInstArea:        3.754 um^2
[INFO GPL-0025] IdealBinArea:            12.512 um^2
[INFO GPL-0026] IdealBinCnt:              77149
[INFO GPL-0027] TotalBinArea:        965289.539 um^2
[INFO GPL-0028] BinCnt:       256    256
[INFO GPL-0029] BinSize: (  3.862  3.815 )
[INFO GPL-0030] NumBins: 65536
[NesterovSolve] Iter:    1 overflow: 0.015 HPWL: 12804594
[NesterovSolve] Finished with Overflow: 0.015343
[INFO] Setting RC values…
Setting global connections for newly added cells…
[INFO] Setting global connections...
Updating metrics…
Cell type report:                       Count       Area
  Pad                                      32  506000.00
  Fill cell                               718    2695.08
  Tap cell                              13718   17163.96
  Multi-Input combinational cell           52     195.19
  Total                                 14520  526054.23
Writing OpenROAD database to '/Users/refikyalcin/vlsi/digital/io-ring-demo/config/runs/run_1/75-openroad-globalplacementskipio/top.odb'…
Writing netlist to '/Users/refikyalcin/vlsi/digital/io-ring-demo/config/runs/run_1/75-openroad-globalplacementskipio/top.nl.v'…
Writing powered netlist to '/Users/refikyalcin/vlsi/digital/io-ring-demo/config/runs/run_1/75-openroad-globalplacementskipio/top.pnl.v'…
Writing layout to '/Users/refikyalcin/vlsi/digital/io-ring-demo/config/runs/run_1/75-openroad-globalplacementskipio/top.def'…
Writing timing constraints to '/Users/refikyalcin/vlsi/digital/io-ring-demo/config/runs/run_1/75-openroad-globalplacementskipio/top.sdc'…
