Reading OpenROAD database at '/Users/refikyalcin/vlsi/digital/io-ring-demo/config/runs/run_1/28-openroad-globalplacementskipio/top.odb'…
Reading library file at '/Users/refikyalcin/.ciel/ciel/sky130/versions/0fe599b2afb6708d281543108caf8310912f54af/sky130A/libs.ref/sky130_fd_sc_hd/lib/sky130_fd_sc_hd__tt_025C_1v80.lib'…
Reading design constraints file at '/nix/store/7x1qis8my0i44w1lx1yq2wiwh6yc774i-python3-3.11.9-env/lib/python3.11/site-packages/librelane/scripts/base.sdc'…
[WARNING STA-0366] port 'clk' not found.
[INFO] Using clock clk…
[INFO] Setting output delay to: 2.0
[INFO] Setting input delay to: 2.0
[WARNING STA-0366] port 'clk' not found.
[INFO] Setting load to: 0.033442
[INFO] Setting clock uncertainty to: 0.25
[INFO] Setting clock transition to: 0.1499999999999999944488848768742172978818416595458984375
[WARNING STA-0419] transition time can not be specified for virtual clocks.
[INFO] Setting timing derate to: 5%
[WARNING STA-0450] virtual clock clk can not be propagated.
[INFO] place_pins args: -min_distance 3
Found 0 macro blocks.
[INFO PPL-0010] Tentative 0 to set up sections.
[INFO PPL-0001] Number of slots           1210
[INFO PPL-0002] Number of I/O             4
[INFO PPL-0003] Number of I/O w/sink      0
[INFO PPL-0004] Number of I/O w/o sink    4
[INFO PPL-0005] Slots per section         200
[INFO PPL-0006] Slots increase factor     0.01
[INFO PPL-0008] Successfully assigned pins to sections.
[INFO PPL-0012] I/O nets HPWL: 0.00 um.
Setting global connections for newly added cells…
[INFO] Setting global connections...
Updating metrics…
Cell type report:                       Count       Area
  Pad                                      32  506000.00
  Fill cell                               718    2695.08
  Tap cell                              13718   17163.96
  Multi-Input combinational cell           52     195.19
  Total                                 14520  526054.23
Writing OpenROAD database to '/Users/refikyalcin/vlsi/digital/io-ring-demo/config/runs/run_1/29-openroad-ioplacement/top.odb'…
Writing netlist to '/Users/refikyalcin/vlsi/digital/io-ring-demo/config/runs/run_1/29-openroad-ioplacement/top.nl.v'…
Writing powered netlist to '/Users/refikyalcin/vlsi/digital/io-ring-demo/config/runs/run_1/29-openroad-ioplacement/top.pnl.v'…
Writing layout to '/Users/refikyalcin/vlsi/digital/io-ring-demo/config/runs/run_1/29-openroad-ioplacement/top.def'…
Writing timing constraints to '/Users/refikyalcin/vlsi/digital/io-ring-demo/config/runs/run_1/29-openroad-ioplacement/top.sdc'…
